2017-09-28 09:17:34,823 [Worker-9] INFO  o.e.m.c.i.l.LifecycleMappingFactory - Using NULL lifecycle mapping for MavenProject: fr.cpe:tp_jee1:1.0-SNAPSHOT @ /home/ubuntu/Desktop/Workspace/tp_jee1/pom.xml.
2017-09-28 09:17:35,570 [Worker-9] INFO  o.e.m.c.i.l.LifecycleMappingFactory - Using org.maven.ide.eclipse.wtp.EjbLifecycleMapping lifecycle mapping for MavenProject: fr.cpe:tp_jee1-ejb:1.0-SNAPSHOT @ /home/ubuntu/Desktop/Workspace/tp_jee1/tp_jee1-ejb/pom.xml.
2017-09-28 09:17:35,787 [Worker-9] INFO  o.e.m.c.i.l.LifecycleMappingFactory - Using org.maven.ide.eclipse.wtp.WarLifecycleMapping lifecycle mapping for MavenProject: fr.cpe:tp_jee1-web:1.0-SNAPSHOT @ /home/ubuntu/Desktop/Workspace/tp_jee1/tp_jee1-web/pom.xml.
2017-09-28 09:17:35,947 [Worker-9] INFO  o.e.m.c.i.l.LifecycleMappingFactory - Using org.maven.ide.eclipse.wtp.EarLifecycleMapping lifecycle mapping for MavenProject: fr.cpe:tp_jee1-ear:1.0-SNAPSHOT @ /home/ubuntu/Desktop/Workspace/tp_jee1/tp_jee1-ear/pom.xml.
2017-09-28 09:17:38,767 [Worker-9] INFO  o.e.m.c.i.embedder.EclipseLogger - Generating application.xml
2017-09-28 09:17:40,019 [Worker-9] INFO  o.e.m.j.i.AbstractJavaProjectConfigurator - Adding source folder /tp_jee1-ejb/src/main/java
2017-09-28 09:17:40,019 [Worker-9] INFO  o.e.m.j.i.AbstractJavaProjectConfigurator - Adding resource folder /tp_jee1-ejb/src/main/resources
2017-09-28 09:17:40,019 [Worker-9] INFO  o.e.m.j.i.AbstractJavaProjectConfigurator - Adding source folder /tp_jee1-ejb/src/test/java
2017-09-28 09:17:40,019 [Worker-9] INFO  o.e.m.j.i.AbstractJavaProjectConfigurator - Adding resource folder /tp_jee1-ejb/src/test/resources
2017-09-28 09:17:40,207 [Worker-9] INFO  o.e.m.j.i.AbstractJavaProjectConfigurator - Adding source folder /tp_jee1-web/src/main/java
2017-09-28 09:17:40,209 [Worker-9] INFO  o.e.m.j.i.AbstractJavaProjectConfigurator - Adding source folder /tp_jee1-web/src/test/java
2017-09-28 09:17:40,959 [Worker-9] INFO  o.e.m.c.i.embedder.EclipseLogger - Generating application.xml
2017-09-28 09:17:40,974 [Worker-9] INFO  o.e.m.c.i.p.ProjectConfigurationManager - Imported and configured 4 project(s) in 8 sec
2017-09-28 09:17:42,370 [Worker-16] INFO  o.e.m.c.i.embedder.EclipseLogger - Using 'UTF-8' encoding to copy filtered resources.
2017-09-28 09:17:42,393 [Worker-16] INFO  o.e.m.c.i.embedder.EclipseLogger - skip non existing resourceDirectory /home/ubuntu/Desktop/Workspace/tp_jee1/tp_jee1-ear/src/main/resources
2017-09-28 09:17:43,974 [Worker-16] INFO  o.e.m.c.i.embedder.EclipseLogger - Using 'UTF-8' encoding to copy filtered resources.
2017-09-28 09:17:43,984 [Worker-16] INFO  o.e.m.c.i.embedder.EclipseLogger - Copying 3 resources
2017-09-28 09:17:44,001 [Worker-16] INFO  o.e.m.c.i.embedder.EclipseLogger - Using 'UTF-8' encoding to copy filtered resources.
2017-09-28 09:17:44,001 [Worker-16] INFO  o.e.m.c.i.embedder.EclipseLogger - Copying 3 resources
2017-09-28 09:17:44,671 [Worker-16] INFO  o.e.m.c.i.embedder.EclipseLogger - Using 'UTF-8' encoding to copy filtered resources.
2017-09-28 09:17:44,671 [Worker-16] INFO  o.e.m.c.i.embedder.EclipseLogger - skip non existing resourceDirectory /home/ubuntu/Desktop/Workspace/tp_jee1/tp_jee1-web/src/main/resources
2017-09-28 09:17:44,673 [Worker-16] INFO  o.e.m.c.i.embedder.EclipseLogger - Using 'UTF-8' encoding to copy filtered resources.
2017-09-28 09:17:44,674 [Worker-16] INFO  o.e.m.c.i.embedder.EclipseLogger - skip non existing resourceDirectory /home/ubuntu/Desktop/Workspace/tp_jee1/tp_jee1-web/src/test/resources
2017-09-28 09:23:17,866 [Worker-21] INFO  o.e.m.c.i.embedder.EclipseLogger - Using 'UTF-8' encoding to copy filtered resources.
2017-09-28 09:23:17,866 [Worker-21] INFO  o.e.m.c.i.embedder.EclipseLogger - skip non existing resourceDirectory /home/ubuntu/Desktop/Workspace/tp_jee1/tp_jee1-ear/src/main/resources
2017-09-28 09:36:13,800 [Worker-16] INFO  o.e.m.c.i.embedder.EclipseLogger - Using 'UTF-8' encoding to copy filtered resources.
2017-09-28 09:36:13,827 [Worker-16] INFO  o.e.m.c.i.embedder.EclipseLogger - Copying 3 resources
2017-09-28 09:36:13,839 [Worker-16] INFO  o.e.m.c.i.embedder.EclipseLogger - Using 'UTF-8' encoding to copy filtered resources.
2017-09-28 09:36:13,842 [Worker-16] INFO  o.e.m.c.i.embedder.EclipseLogger - Copying 3 resources
2017-09-28 09:36:15,165 [Worker-12] INFO  o.e.m.c.i.embedder.EclipseLogger - Using 'UTF-8' encoding to copy filtered resources.
2017-09-28 09:36:15,165 [Worker-12] INFO  o.e.m.c.i.embedder.EclipseLogger - skip non existing resourceDirectory /home/ubuntu/Desktop/Workspace/tp_jee1/tp_jee1-web/src/main/resources
2017-09-28 09:36:15,166 [Worker-12] INFO  o.e.m.c.i.embedder.EclipseLogger - Using 'UTF-8' encoding to copy filtered resources.
2017-09-28 09:36:15,166 [Worker-12] INFO  o.e.m.c.i.embedder.EclipseLogger - skip non existing resourceDirectory /home/ubuntu/Desktop/Workspace/tp_jee1/tp_jee1-web/src/test/resources
2017-09-28 10:38:03,311 [Worker-49] INFO  o.e.m.c.i.embedder.EclipseLogger - Using 'UTF-8' encoding to copy filtered resources.
2017-09-28 10:38:03,324 [Worker-49] INFO  o.e.m.c.i.embedder.EclipseLogger - Copying 1 resource
2017-09-28 10:38:03,332 [Worker-49] INFO  o.e.m.c.i.embedder.EclipseLogger - Using 'UTF-8' encoding to copy filtered resources.
2017-09-28 10:38:03,333 [Worker-49] INFO  o.e.m.c.i.embedder.EclipseLogger - Copying 0 resource
2017-09-28 10:46:00,471 [Worker-49] INFO  o.e.m.c.i.l.LifecycleMappingFactory - Using NULL lifecycle mapping for MavenProject: fr.cpe:tp_jee1:1.0-SNAPSHOT @ /home/ubuntu/Desktop/Workspace/tp_jee1/pom.xml.
2017-09-28 10:46:00,946 [Worker-49] INFO  o.e.m.c.i.l.LifecycleMappingFactory - Using org.maven.ide.eclipse.wtp.WarLifecycleMapping lifecycle mapping for MavenProject: fr.cpe:tp_jee1-web:1.0-SNAPSHOT @ /home/ubuntu/Desktop/Workspace/tp_jee1/tp_jee1-web/pom.xml.
2017-09-28 10:46:01,048 [Worker-49] INFO  o.e.m.c.i.l.LifecycleMappingFactory - Using org.maven.ide.eclipse.wtp.EarLifecycleMapping lifecycle mapping for MavenProject: fr.cpe:tp_jee1-ear:1.0-SNAPSHOT @ /home/ubuntu/Desktop/Workspace/tp_jee1/tp_jee1-ear/pom.xml.
2017-09-28 10:46:01,104 [Worker-49] INFO  o.e.m.c.i.l.LifecycleMappingFactory - Using org.maven.ide.eclipse.wtp.EjbLifecycleMapping lifecycle mapping for MavenProject: fr.cpe:tp_jee1-ejb:1.0-SNAPSHOT @ /home/ubuntu/Desktop/Workspace/tp_jee1/tp_jee1-ejb/pom.xml.
2017-09-28 10:46:02,372 [Worker-49] INFO  o.e.m.c.i.embedder.EclipseLogger - Generating application.xml
2017-09-28 10:46:03,136 [Worker-49] INFO  o.e.m.c.i.embedder.EclipseLogger - Using 'UTF-8' encoding to copy filtered resources.
2017-09-28 10:46:03,136 [Worker-49] INFO  o.e.m.c.i.embedder.EclipseLogger - skip non existing resourceDirectory /home/ubuntu/Desktop/Workspace/tp_jee1/tp_jee1-ear/src/main/resources
2017-09-28 10:46:03,524 [Worker-49] INFO  o.e.m.c.i.embedder.EclipseLogger - Using 'UTF-8' encoding to copy filtered resources.
2017-09-28 10:46:03,538 [Worker-49] INFO  o.e.m.c.i.embedder.EclipseLogger - Copying 3 resources
2017-09-28 10:46:03,548 [Worker-49] INFO  o.e.m.c.i.embedder.EclipseLogger - Using 'UTF-8' encoding to copy filtered resources.
2017-09-28 10:46:03,548 [Worker-49] INFO  o.e.m.c.i.embedder.EclipseLogger - Copying 0 resource
2017-09-28 10:46:04,063 [Worker-74] INFO  o.e.m.c.i.embedder.EclipseLogger - Using 'UTF-8' encoding to copy filtered resources.
2017-09-28 10:46:04,064 [Worker-74] INFO  o.e.m.c.i.embedder.EclipseLogger - skip non existing resourceDirectory /home/ubuntu/Desktop/Workspace/tp_jee1/tp_jee1-web/src/main/resources
2017-09-28 10:46:04,067 [Worker-74] INFO  o.e.m.c.i.embedder.EclipseLogger - Using 'UTF-8' encoding to copy filtered resources.
2017-09-28 10:46:04,067 [Worker-74] INFO  o.e.m.c.i.embedder.EclipseLogger - skip non existing resourceDirectory /home/ubuntu/Desktop/Workspace/tp_jee1/tp_jee1-web/src/test/resources
2017-09-28 10:56:13,769 [Worker-81] INFO  o.e.m.c.i.l.LifecycleMappingFactory - Using org.maven.ide.eclipse.wtp.WarLifecycleMapping lifecycle mapping for MavenProject: fr.cpe:tp_jee1-web:1.0-SNAPSHOT @ /home/ubuntu/Desktop/Workspace/tp_jee1/tp_jee1-web/pom.xml.
2017-09-28 10:56:13,832 [Worker-81] INFO  o.e.m.c.i.l.LifecycleMappingFactory - Using org.maven.ide.eclipse.wtp.EarLifecycleMapping lifecycle mapping for MavenProject: fr.cpe:tp_jee1-ear:1.0-SNAPSHOT @ /home/ubuntu/Desktop/Workspace/tp_jee1/tp_jee1-ear/pom.xml.
2017-09-28 10:56:13,853 [Worker-81] INFO  o.e.m.c.i.l.LifecycleMappingFactory - Using org.maven.ide.eclipse.wtp.EjbLifecycleMapping lifecycle mapping for MavenProject: fr.cpe:tp_jee1-ejb:1.0-SNAPSHOT @ /home/ubuntu/Desktop/Workspace/tp_jee1/tp_jee1-ejb/pom.xml.
2017-09-28 10:56:14,779 [Worker-81] INFO  o.e.m.c.i.embedder.EclipseLogger - Generating application.xml
2017-09-28 10:56:15,733 [Worker-75] INFO  o.e.m.c.i.embedder.EclipseLogger - Using 'UTF-8' encoding to copy filtered resources.
2017-09-28 10:56:15,733 [Worker-75] INFO  o.e.m.c.i.embedder.EclipseLogger - skip non existing resourceDirectory /home/ubuntu/Desktop/Workspace/tp_jee1/tp_jee1-ear/src/main/resources
2017-09-28 10:56:16,003 [Worker-75] INFO  o.e.m.c.i.embedder.EclipseLogger - Using 'UTF-8' encoding to copy filtered resources.
2017-09-28 10:56:16,030 [Worker-75] INFO  o.e.m.c.i.embedder.EclipseLogger - Copying 3 resources
2017-09-28 10:56:16,038 [Worker-75] INFO  o.e.m.c.i.embedder.EclipseLogger - Using 'UTF-8' encoding to copy filtered resources.
2017-09-28 10:56:16,038 [Worker-75] INFO  o.e.m.c.i.embedder.EclipseLogger - Copying 0 resource
2017-09-28 10:56:16,149 [Worker-75] INFO  o.e.m.c.i.embedder.EclipseLogger - Using 'UTF-8' encoding to copy filtered resources.
2017-09-28 10:56:16,149 [Worker-75] INFO  o.e.m.c.i.embedder.EclipseLogger - skip non existing resourceDirectory /home/ubuntu/Desktop/Workspace/tp_jee1/tp_jee1-web/src/main/resources
2017-09-28 10:56:16,149 [Worker-75] INFO  o.e.m.c.i.embedder.EclipseLogger - Using 'UTF-8' encoding to copy filtered resources.
2017-09-28 10:56:16,149 [Worker-75] INFO  o.e.m.c.i.embedder.EclipseLogger - skip non existing resourceDirectory /home/ubuntu/Desktop/Workspace/tp_jee1/tp_jee1-web/src/test/resources
2017-09-28 10:56:21,403 [Worker-81] INFO  o.e.m.c.i.l.LifecycleMappingFactory - Using org.maven.ide.eclipse.wtp.WarLifecycleMapping lifecycle mapping for MavenProject: fr.cpe:tp_jee1-web:1.0-SNAPSHOT @ /home/ubuntu/Desktop/Workspace/tp_jee1/tp_jee1-web/pom.xml.
2017-09-28 10:56:21,421 [Worker-81] WARN  o.e.m.c.i.embedder.EclipseLogger - The POM for fr.cpe:tp_jee1-ejb:jar:1.0-SNAPSHOT is missing, no dependency information available
2017-09-28 10:56:22,409 [Worker-81] ERROR o.e.m.c.i.p.r.ProjectRegistryRefreshJob - null
java.lang.NullPointerException: null
	at org.eclipse.m2e.wtp.ProjectUtils.getRelativePath(ProjectUtils.java:54) ~[na:na]
	at org.eclipse.m2e.wtp.ProjectUtils.getBuildFolder(ProjectUtils.java:80) ~[na:na]
	at org.eclipse.m2e.wtp.ProjectUtils.getM2eclipseWtpFolder(ProjectUtils.java:71) ~[na:na]
	at org.eclipse.m2e.wtp.internal.mavenarchiver.WarMavenArchiverConfigurator.getOutputDir(WarMavenArchiverConfigurator.java:42) ~[na:na]
	at org.sonatype.m2e.mavenarchiver.internal.AbstractMavenArchiverConfigurator.mavenProjectChanged(AbstractMavenArchiverConfigurator.java:205) ~[na:na]
	at org.eclipse.m2e.wtp.mavenarchiver.AbstractWTPArchiverConfigurator.mavenProjectChanged(AbstractWTPArchiverConfigurator.java:54) ~[na:na]
	at org.eclipse.m2e.core.internal.project.ProjectConfigurationManager.mavenProjectChanged(ProjectConfigurationManager.java:1000) ~[na:na]
	at org.eclipse.m2e.core.internal.project.registry.ProjectRegistryManager.notifyProjectChangeListeners(ProjectRegistryManager.java:783) ~[na:na]
	at org.eclipse.m2e.core.internal.project.registry.ProjectRegistryManager.applyMutableProjectRegistry(ProjectRegistryManager.java:930) ~[na:na]
	at org.eclipse.m2e.core.internal.project.registry.ProjectRegistryRefreshJob$1.call(ProjectRegistryRefreshJob.java:98) ~[na:na]
	at org.eclipse.m2e.core.internal.project.registry.ProjectRegistryRefreshJob$1.call(ProjectRegistryRefreshJob.java:1) ~[na:na]
	at org.eclipse.m2e.core.internal.embedder.MavenExecutionContext.executeBare(MavenExecutionContext.java:176) ~[na:na]
	at org.eclipse.m2e.core.internal.embedder.MavenExecutionContext.execute(MavenExecutionContext.java:151) ~[na:na]
	at org.eclipse.m2e.core.internal.embedder.MavenExecutionContext.execute(MavenExecutionContext.java:99) ~[na:na]
	at org.eclipse.m2e.core.internal.embedder.MavenImpl.execute(MavenImpl.java:1355) ~[na:na]
	at org.eclipse.m2e.core.internal.project.registry.ProjectRegistryRefreshJob.run(ProjectRegistryRefreshJob.java:81) ~[na:na]
	at org.eclipse.core.internal.jobs.Worker.run(Worker.java:55) [org.eclipse.core.jobs_3.8.0.v20160509-0411.jar:na]
2017-09-28 10:56:54,404 [Worker-82] INFO  o.e.m.c.i.p.ProjectConfigurationManager - Imported and configured 4 project(s) in 0 sec
2017-09-28 10:58:50,897 [Worker-87] INFO  o.e.m.c.i.l.LifecycleMappingFactory - Using org.maven.ide.eclipse.wtp.EarLifecycleMapping lifecycle mapping for MavenProject: fr.cpe:tp_jee2-ear:1.0-SNAPSHOT @ /home/ubuntu/Desktop/Workspace/tp_jee2/tp_jee2-ear/pom.xml.
2017-09-28 10:58:50,898 [Worker-87] WARN  o.e.m.c.i.embedder.EclipseLogger - The POM for fr.cpe:tp_jee2-web:war:1.0-SNAPSHOT is missing, no dependency information available
2017-09-28 10:58:50,899 [Worker-87] WARN  o.e.m.c.i.embedder.EclipseLogger - The POM for fr.cpe:tp_jee2-ejb:jar:1.0-SNAPSHOT is missing, no dependency information available
2017-09-28 10:58:51,182 [Worker-87] WARN  o.e.m.c.i.embedder.EclipseLogger - The POM for fr.cpe:tp_jee2-web:war:1.0-SNAPSHOT is missing, no dependency information available
2017-09-28 10:58:51,183 [Worker-87] WARN  o.e.m.c.i.embedder.EclipseLogger - The POM for fr.cpe:tp_jee2-ejb:jar:1.0-SNAPSHOT is missing, no dependency information available
2017-09-28 10:58:51,310 [Worker-87] INFO  o.e.m.c.i.embedder.EclipseLogger - Using 'UTF-8' encoding to copy filtered resources.
2017-09-28 10:58:51,310 [Worker-87] INFO  o.e.m.c.i.embedder.EclipseLogger - skip non existing resourceDirectory /home/ubuntu/Desktop/Workspace/tp_jee2/tp_jee2-ear/src/main/resources
2017-09-28 10:58:54,997 [Worker-82] INFO  o.e.m.c.i.l.LifecycleMappingFactory - Using org.maven.ide.eclipse.wtp.EjbLifecycleMapping lifecycle mapping for MavenProject: fr.cpe:tp_jee2-ejb:1.0-SNAPSHOT @ /home/ubuntu/Desktop/Workspace/tp_jee2/tp_jee2-ejb/pom.xml.
2017-09-28 10:58:55,235 [Worker-82] INFO  o.e.m.c.i.embedder.EclipseLogger - Using 'UTF-8' encoding to copy filtered resources.
2017-09-28 10:58:55,235 [Worker-82] INFO  o.e.m.c.i.embedder.EclipseLogger - Copying 2 resources
2017-09-28 10:58:55,251 [Worker-82] INFO  o.e.m.c.i.embedder.EclipseLogger - Using 'UTF-8' encoding to copy filtered resources.
2017-09-28 10:58:55,251 [Worker-82] INFO  o.e.m.c.i.embedder.EclipseLogger - Copying 3 resources
2017-09-28 10:58:55,823 [Worker-88] INFO  o.e.m.c.i.l.LifecycleMappingFactory - Using org.maven.ide.eclipse.wtp.EjbLifecycleMapping lifecycle mapping for MavenProject: fr.cpe:tp_jee2-ejb:1.0-SNAPSHOT @ /home/ubuntu/Desktop/Workspace/tp_jee2/tp_jee2-ejb/pom.xml.
2017-09-28 10:58:56,088 [Worker-88] INFO  o.e.m.c.i.embedder.EclipseLogger - Using 'UTF-8' encoding to copy filtered resources.
2017-09-28 10:58:56,106 [Worker-88] INFO  o.e.m.c.i.embedder.EclipseLogger - Copying 0 resource
2017-09-28 10:58:56,106 [Worker-88] INFO  o.e.m.c.i.embedder.EclipseLogger - Using 'UTF-8' encoding to copy filtered resources.
2017-09-28 10:58:56,106 [Worker-88] INFO  o.e.m.c.i.embedder.EclipseLogger - Copying 0 resource
2017-09-28 10:58:59,003 [Worker-75] INFO  o.e.m.c.i.l.LifecycleMappingFactory - Using org.maven.ide.eclipse.wtp.WarLifecycleMapping lifecycle mapping for MavenProject: fr.cpe:tp_jee2-web:1.0-SNAPSHOT @ /home/ubuntu/Desktop/Workspace/tp_jee2/tp_jee2-web/pom.xml.
2017-09-28 10:58:59,004 [Worker-75] WARN  o.e.m.c.i.embedder.EclipseLogger - The POM for fr.cpe:tp_jee2-ejb:jar:1.0-SNAPSHOT is missing, no dependency information available
2017-09-28 10:58:59,505 [Worker-75] INFO  o.e.m.c.i.embedder.EclipseLogger - Using 'UTF-8' encoding to copy filtered resources.
2017-09-28 10:58:59,505 [Worker-75] INFO  o.e.m.c.i.embedder.EclipseLogger - Copying 0 resource
2017-09-28 10:58:59,506 [Worker-75] INFO  o.e.m.c.i.embedder.EclipseLogger - Using 'UTF-8' encoding to copy filtered resources.
2017-09-28 10:58:59,506 [Worker-75] INFO  o.e.m.c.i.embedder.EclipseLogger - Copying 0 resource
2017-09-28 10:58:59,949 [Worker-87] INFO  o.e.m.c.i.l.LifecycleMappingFactory - Using org.maven.ide.eclipse.wtp.WarLifecycleMapping lifecycle mapping for MavenProject: fr.cpe:tp_jee2-web:1.0-SNAPSHOT @ /home/ubuntu/Desktop/Workspace/tp_jee2/tp_jee2-web/pom.xml.
2017-09-28 10:58:59,953 [Worker-87] WARN  o.e.m.c.i.embedder.EclipseLogger - The POM for fr.cpe:tp_jee2-ejb:jar:1.0-SNAPSHOT is missing, no dependency information available
2017-09-28 10:59:37,563 [Worker-75] INFO  o.e.m.c.i.l.LifecycleMappingFactory - Using NULL lifecycle mapping for MavenProject: fr.cpe:tp_jee2:1.0-SNAPSHOT @ /home/ubuntu/Desktop/Workspace/tp_jee2/pom.xml.
2017-09-28 10:59:37,752 [Worker-75] INFO  o.e.m.c.i.l.LifecycleMappingFactory - Using org.maven.ide.eclipse.wtp.EjbLifecycleMapping lifecycle mapping for MavenProject: fr.cpe:tp_jee2-ejb:1.0-SNAPSHOT @ /home/ubuntu/Desktop/Workspace/tp_jee2/tp_jee2-ejb/pom.xml.
2017-09-28 10:59:37,883 [Worker-75] INFO  o.e.m.c.i.l.LifecycleMappingFactory - Using org.maven.ide.eclipse.wtp.WarLifecycleMapping lifecycle mapping for MavenProject: fr.cpe:tp_jee2-web:1.0-SNAPSHOT @ /home/ubuntu/Desktop/Workspace/tp_jee2/tp_jee2-web/pom.xml.
2017-09-28 10:59:37,907 [Worker-75] INFO  o.e.m.c.i.l.LifecycleMappingFactory - Using org.maven.ide.eclipse.wtp.EarLifecycleMapping lifecycle mapping for MavenProject: fr.cpe:tp_jee2-ear:1.0-SNAPSHOT @ /home/ubuntu/Desktop/Workspace/tp_jee2/tp_jee2-ear/pom.xml.
2017-09-28 10:59:39,062 [Worker-75] INFO  o.e.m.j.i.AbstractJavaProjectConfigurator - Adding source folder /tp_jee2-ejb/src/main/java
2017-09-28 10:59:39,063 [Worker-75] INFO  o.e.m.j.i.AbstractJavaProjectConfigurator - Adding resource folder /tp_jee2-ejb/src/main/resources
2017-09-28 10:59:39,070 [Worker-75] INFO  o.e.m.j.i.AbstractJavaProjectConfigurator - Adding source folder /tp_jee2-ejb/src/test/java
2017-09-28 10:59:39,070 [Worker-75] INFO  o.e.m.j.i.AbstractJavaProjectConfigurator - Adding resource folder /tp_jee2-ejb/src/test/resources
2017-09-28 10:59:39,619 [Worker-75] INFO  o.e.m.j.i.AbstractJavaProjectConfigurator - Adding source folder /tp_jee2-web/src/main/java
2017-09-28 10:59:39,619 [Worker-75] INFO  o.e.m.j.i.AbstractJavaProjectConfigurator - Adding resource folder /tp_jee2-web/src/main/resources
2017-09-28 10:59:39,620 [Worker-75] INFO  o.e.m.j.i.AbstractJavaProjectConfigurator - Adding source folder /tp_jee2-web/src/test/java
2017-09-28 10:59:39,620 [Worker-75] INFO  o.e.m.j.i.AbstractJavaProjectConfigurator - Adding resource folder /tp_jee2-web/src/test/resources
2017-09-28 10:59:40,392 [Worker-75] INFO  o.e.m.c.i.embedder.EclipseLogger - Generating application.xml
2017-09-28 10:59:40,422 [Worker-75] INFO  o.e.m.c.i.p.ProjectConfigurationManager - Imported and configured 4 project(s) in 3 sec
2017-09-28 10:59:40,892 [Worker-75] INFO  o.e.m.c.i.embedder.EclipseLogger - Using 'UTF-8' encoding to copy filtered resources.
2017-09-28 10:59:40,893 [Worker-75] INFO  o.e.m.c.i.embedder.EclipseLogger - skip non existing resourceDirectory /home/ubuntu/Desktop/Workspace/tp_jee2/tp_jee2-ear/src/main/resources
2017-09-28 10:59:41,226 [Worker-75] INFO  o.e.m.c.i.embedder.EclipseLogger - Using 'UTF-8' encoding to copy filtered resources.
2017-09-28 10:59:41,226 [Worker-75] INFO  o.e.m.c.i.embedder.EclipseLogger - Copying 2 resources
2017-09-28 10:59:41,238 [Worker-75] INFO  o.e.m.c.i.embedder.EclipseLogger - Using 'UTF-8' encoding to copy filtered resources.
2017-09-28 10:59:41,238 [Worker-75] INFO  o.e.m.c.i.embedder.EclipseLogger - Copying 3 resources
2017-09-28 10:59:41,335 [Worker-75] INFO  o.e.m.c.i.embedder.EclipseLogger - Using 'UTF-8' encoding to copy filtered resources.
2017-09-28 10:59:41,335 [Worker-75] INFO  o.e.m.c.i.embedder.EclipseLogger - Copying 0 resource
2017-09-28 10:59:41,336 [Worker-75] INFO  o.e.m.c.i.embedder.EclipseLogger - Using 'UTF-8' encoding to copy filtered resources.
2017-09-28 10:59:41,336 [Worker-75] INFO  o.e.m.c.i.embedder.EclipseLogger - Copying 0 resource
2017-09-28 11:00:08,096 [Worker-80] INFO  o.e.m.c.i.p.ProjectConfigurationManager - Update started
2017-09-28 11:00:08,280 [Worker-80] INFO  o.e.m.c.i.l.LifecycleMappingFactory - Using NULL lifecycle mapping for MavenProject: fr.cpe:tp_jee2:1.0-SNAPSHOT @ /home/ubuntu/Desktop/Workspace/tp_jee2/pom.xml.
2017-09-28 11:00:08,315 [Worker-80] INFO  o.e.m.c.i.l.LifecycleMappingFactory - Using org.maven.ide.eclipse.wtp.EarLifecycleMapping lifecycle mapping for MavenProject: fr.cpe:tp_jee2-ear:1.0-SNAPSHOT @ /home/ubuntu/Desktop/Workspace/tp_jee2/tp_jee2-ear/pom.xml.
2017-09-28 11:00:08,553 [Worker-80] INFO  o.e.m.c.i.l.LifecycleMappingFactory - Using org.maven.ide.eclipse.wtp.EjbLifecycleMapping lifecycle mapping for MavenProject: fr.cpe:tp_jee2-ejb:1.0-SNAPSHOT @ /home/ubuntu/Desktop/Workspace/tp_jee2/tp_jee2-ejb/pom.xml.
2017-09-28 11:00:08,633 [Worker-80] INFO  o.e.m.c.i.l.LifecycleMappingFactory - Using org.maven.ide.eclipse.wtp.WarLifecycleMapping lifecycle mapping for MavenProject: fr.cpe:tp_jee2-web:1.0-SNAPSHOT @ /home/ubuntu/Desktop/Workspace/tp_jee2/tp_jee2-web/pom.xml.
2017-09-28 11:00:10,271 [Worker-80] INFO  o.e.m.c.i.embedder.EclipseLogger - Generating application.xml
2017-09-28 11:00:10,637 [Worker-80] INFO  o.e.m.c.i.embedder.EclipseLogger - Generating application.xml
2017-09-28 11:00:10,675 [Worker-80] INFO  o.e.m.j.i.AbstractJavaProjectConfigurator - Adding source folder /tp_jee2-ejb/src/main/java
2017-09-28 11:00:10,676 [Worker-80] INFO  o.e.m.j.i.AbstractJavaProjectConfigurator - Adding resource folder /tp_jee2-ejb/src/main/resources
2017-09-28 11:00:10,676 [Worker-80] INFO  o.e.m.j.i.AbstractJavaProjectConfigurator - Adding source folder /tp_jee2-ejb/src/test/java
2017-09-28 11:00:10,676 [Worker-80] INFO  o.e.m.j.i.AbstractJavaProjectConfigurator - Adding resource folder /tp_jee2-ejb/src/test/resources
2017-09-28 11:00:10,887 [Worker-80] INFO  o.e.m.j.i.AbstractJavaProjectConfigurator - Adding source folder /tp_jee2-web/src/main/java
2017-09-28 11:00:10,887 [Worker-80] INFO  o.e.m.j.i.AbstractJavaProjectConfigurator - Adding resource folder /tp_jee2-web/src/main/resources
2017-09-28 11:00:10,887 [Worker-80] INFO  o.e.m.j.i.AbstractJavaProjectConfigurator - Adding source folder /tp_jee2-web/src/test/java
2017-09-28 11:00:10,887 [Worker-80] INFO  o.e.m.j.i.AbstractJavaProjectConfigurator - Adding resource folder /tp_jee2-web/src/test/resources
2017-09-28 11:00:11,362 [Worker-80] INFO  o.e.m.w.i.f.ResourceFilteringBuildParticipant - Cleaning filtered folder for tp_jee2-ear
2017-09-28 11:00:11,438 [Worker-80] INFO  o.e.m.w.i.f.ResourceFilteringBuildParticipant - Cleaning filtered folder for tp_jee2-web
2017-09-28 11:00:11,445 [Worker-80] INFO  o.e.m.c.i.p.ProjectConfigurationManager - Update completed: 3 sec
2017-09-28 11:00:11,923 [Worker-80] INFO  o.e.m.w.i.f.ResourceFilteringBuildParticipant - Changed resources require a complete clean of filtered resources of tp_jee2-ear
2017-09-28 11:00:11,924 [Worker-80] INFO  o.e.m.w.i.f.ResourceFilteringBuildParticipant - Executing resource filtering for tp_jee2-ear
2017-09-28 11:00:11,942 [Worker-80] INFO  o.e.m.c.i.embedder.EclipseLogger - Using 'UTF-8' encoding to copy filtered resources.
2017-09-28 11:00:11,951 [Worker-80] INFO  o.e.m.c.i.embedder.EclipseLogger - Generating application.xml
2017-09-28 11:00:11,953 [Worker-80] INFO  o.e.m.c.i.embedder.EclipseLogger - Using 'UTF-8' encoding to copy filtered resources.
2017-09-28 11:00:11,953 [Worker-80] INFO  o.e.m.c.i.embedder.EclipseLogger - skip non existing resourceDirectory /home/ubuntu/Desktop/Workspace/tp_jee2/tp_jee2-ear/src/main/resources
2017-09-28 11:00:12,033 [Worker-80] INFO  o.e.m.c.i.embedder.EclipseLogger - Using 'UTF-8' encoding to copy filtered resources.
2017-09-28 11:00:12,034 [Worker-80] INFO  o.e.m.c.i.embedder.EclipseLogger - Copying 2 resources
2017-09-28 11:00:12,040 [Worker-80] INFO  o.e.m.c.i.embedder.EclipseLogger - Using 'UTF-8' encoding to copy filtered resources.
2017-09-28 11:00:12,040 [Worker-80] INFO  o.e.m.c.i.embedder.EclipseLogger - Copying 3 resources
2017-09-28 11:00:12,232 [Worker-80] INFO  o.e.m.c.i.embedder.EclipseLogger - Using 'UTF-8' encoding to copy filtered resources.
2017-09-28 11:00:12,233 [Worker-80] INFO  o.e.m.c.i.embedder.EclipseLogger - Copying 0 resource
2017-09-28 11:00:12,236 [Worker-80] INFO  o.e.m.c.i.embedder.EclipseLogger - Using 'UTF-8' encoding to copy filtered resources.
2017-09-28 11:00:12,236 [Worker-80] INFO  o.e.m.c.i.embedder.EclipseLogger - Copying 0 resource
2017-09-28 11:00:12,239 [Worker-80] INFO  o.e.m.w.i.f.ResourceFilteringBuildParticipant - Changed resources require a complete clean of filtered resources of tp_jee2-web
2017-09-28 11:00:12,244 [Worker-80] INFO  o.e.m.w.i.f.ResourceFilteringBuildParticipant - Executing resource filtering for tp_jee2-web
2017-09-28 11:00:12,247 [Worker-80] INFO  o.e.m.c.i.embedder.EclipseLogger - Using 'UTF-8' encoding to copy filtered resources.
2017-09-28 11:03:45,847 [Worker-90] INFO  o.e.m.c.i.embedder.EclipseLogger - Using 'UTF-8' encoding to copy filtered resources.
2017-09-28 11:03:45,847 [Worker-90] INFO  o.e.m.c.i.embedder.EclipseLogger - skip non existing resourceDirectory /home/ubuntu/Desktop/Workspace/tp_jee2/tp_jee2-ear/src/main/resources
2017-09-28 11:07:27,719 [Worker-94] INFO  o.e.m.c.i.l.LifecycleMappingFactory - Using NULL lifecycle mapping for MavenProject: fr.cpe:tp_jee2:1.0-SNAPSHOT @ /home/ubuntu/Desktop/Workspace/tp_jee2/pom.xml.
2017-09-28 11:07:27,844 [Worker-94] INFO  o.e.m.c.i.l.LifecycleMappingFactory - Using org.maven.ide.eclipse.wtp.EjbLifecycleMapping lifecycle mapping for MavenProject: fr.cpe:tp_jee2-ejb:1.0-SNAPSHOT @ /home/ubuntu/Desktop/Workspace/tp_jee2/tp_jee2-ejb/pom.xml.
2017-09-28 11:07:27,923 [Worker-94] INFO  o.e.m.c.i.l.LifecycleMappingFactory - Using org.maven.ide.eclipse.wtp.WarLifecycleMapping lifecycle mapping for MavenProject: fr.cpe:tp_jee2-web:1.0-SNAPSHOT @ /home/ubuntu/Desktop/Workspace/tp_jee2/tp_jee2-web/pom.xml.
2017-09-28 11:07:28,009 [Worker-94] INFO  o.e.m.c.i.l.LifecycleMappingFactory - Using org.maven.ide.eclipse.wtp.EarLifecycleMapping lifecycle mapping for MavenProject: fr.cpe:tp_jee2-ear:1.0-SNAPSHOT @ /home/ubuntu/Desktop/Workspace/tp_jee2/tp_jee2-ear/pom.xml.
2017-09-28 11:07:29,254 [Worker-94] INFO  o.e.m.c.i.embedder.EclipseLogger - Generating application.xml
2017-09-28 11:07:29,827 [Worker-92] INFO  o.e.m.c.i.embedder.EclipseLogger - Using 'UTF-8' encoding to copy filtered resources.
2017-09-28 11:07:29,828 [Worker-92] INFO  o.e.m.c.i.embedder.EclipseLogger - skip non existing resourceDirectory /home/ubuntu/Desktop/Workspace/tp_jee2/tp_jee2-ear/src/main/resources
2017-09-28 11:07:29,947 [Worker-92] INFO  o.e.m.c.i.embedder.EclipseLogger - Using 'UTF-8' encoding to copy filtered resources.
2017-09-28 11:07:29,969 [Worker-92] INFO  o.e.m.c.i.embedder.EclipseLogger - Copying 2 resources
2017-09-28 11:07:29,980 [Worker-92] INFO  o.e.m.c.i.embedder.EclipseLogger - Using 'UTF-8' encoding to copy filtered resources.
2017-09-28 11:07:29,980 [Worker-92] INFO  o.e.m.c.i.embedder.EclipseLogger - Copying 0 resource
2017-09-28 11:07:30,080 [Worker-92] INFO  o.e.m.c.i.embedder.EclipseLogger - Using 'UTF-8' encoding to copy filtered resources.
2017-09-28 11:07:30,080 [Worker-92] INFO  o.e.m.c.i.embedder.EclipseLogger - Copying 0 resource
2017-09-28 11:07:30,094 [Worker-92] INFO  o.e.m.c.i.embedder.EclipseLogger - Using 'UTF-8' encoding to copy filtered resources.
2017-09-28 11:07:30,094 [Worker-92] INFO  o.e.m.c.i.embedder.EclipseLogger - Copying 0 resource
2017-09-28 11:10:54,883 [Worker-94] INFO  o.e.m.c.i.embedder.EclipseLogger - Using 'UTF-8' encoding to copy filtered resources.
2017-09-28 11:10:54,883 [Worker-94] INFO  o.e.m.c.i.embedder.EclipseLogger - Copying 1 resource
2017-09-28 11:10:54,886 [Worker-94] INFO  o.e.m.c.i.embedder.EclipseLogger - Using 'UTF-8' encoding to copy filtered resources.
2017-09-28 11:10:54,886 [Worker-94] INFO  o.e.m.c.i.embedder.EclipseLogger - Copying 0 resource
2017-09-28 11:42:21,211 [Worker-111] INFO  o.e.m.c.i.embedder.EclipseLogger - Using 'UTF-8' encoding to copy filtered resources.
2017-09-28 11:42:21,229 [Worker-111] INFO  o.e.m.c.i.embedder.EclipseLogger - Copying 1 resource
2017-09-28 11:42:21,243 [Worker-111] INFO  o.e.m.c.i.embedder.EclipseLogger - Using 'UTF-8' encoding to copy filtered resources.
2017-09-28 11:42:21,243 [Worker-111] INFO  o.e.m.c.i.embedder.EclipseLogger - Copying 0 resource
2017-09-28 11:43:24,204 [Worker-111] INFO  o.e.m.c.i.embedder.EclipseLogger - Using 'UTF-8' encoding to copy filtered resources.
2017-09-28 11:43:24,204 [Worker-111] INFO  o.e.m.c.i.embedder.EclipseLogger - Copying 1 resource
2017-09-28 11:43:24,205 [Worker-111] INFO  o.e.m.c.i.embedder.EclipseLogger - Using 'UTF-8' encoding to copy filtered resources.
2017-09-28 11:43:24,205 [Worker-111] INFO  o.e.m.c.i.embedder.EclipseLogger - Copying 0 resource
2017-09-28 11:46:04,320 [Worker-116] INFO  o.e.m.c.i.embedder.EclipseLogger - Using 'UTF-8' encoding to copy filtered resources.
2017-09-28 11:46:04,321 [Worker-116] INFO  o.e.m.c.i.embedder.EclipseLogger - Copying 1 resource
2017-09-28 11:46:04,322 [Worker-116] INFO  o.e.m.c.i.embedder.EclipseLogger - Using 'UTF-8' encoding to copy filtered resources.
2017-09-28 11:46:04,322 [Worker-116] INFO  o.e.m.c.i.embedder.EclipseLogger - Copying 0 resource
2017-09-28 11:46:55,468 [Worker-106] INFO  o.e.m.c.i.embedder.EclipseLogger - Using 'UTF-8' encoding to copy filtered resources.
2017-09-28 11:46:55,468 [Worker-106] INFO  o.e.m.c.i.embedder.EclipseLogger - Copying 1 resource
2017-09-28 11:46:55,477 [Worker-106] INFO  o.e.m.c.i.embedder.EclipseLogger - Using 'UTF-8' encoding to copy filtered resources.
2017-09-28 11:46:55,477 [Worker-106] INFO  o.e.m.c.i.embedder.EclipseLogger - Copying 0 resource
2017-09-28 11:47:25,768 [Worker-115] INFO  o.e.m.c.i.embedder.EclipseLogger - Using 'UTF-8' encoding to copy filtered resources.
2017-09-28 11:47:25,768 [Worker-115] INFO  o.e.m.c.i.embedder.EclipseLogger - Copying 1 resource
2017-09-28 11:47:25,770 [Worker-115] INFO  o.e.m.c.i.embedder.EclipseLogger - Using 'UTF-8' encoding to copy filtered resources.
2017-09-28 11:47:25,771 [Worker-115] INFO  o.e.m.c.i.embedder.EclipseLogger - Copying 0 resource
2017-09-28 11:51:21,067 [Worker-120] INFO  o.e.m.c.i.embedder.EclipseLogger - Using 'UTF-8' encoding to copy filtered resources.
2017-09-28 11:51:21,068 [Worker-120] INFO  o.e.m.c.i.embedder.EclipseLogger - Copying 1 resource
2017-09-28 11:51:21,074 [Worker-120] INFO  o.e.m.c.i.embedder.EclipseLogger - Using 'UTF-8' encoding to copy filtered resources.
2017-09-28 11:51:21,074 [Worker-120] INFO  o.e.m.c.i.embedder.EclipseLogger - Copying 0 resource
2017-09-28 11:54:14,523 [Worker-119] INFO  o.e.m.c.i.p.ProjectConfigurationManager - Update started
2017-09-28 11:54:14,804 [Worker-119] INFO  o.e.m.c.i.l.LifecycleMappingFactory - Using NULL lifecycle mapping for MavenProject: fr.cpe:tp_jee2:1.0-SNAPSHOT @ /home/ubuntu/Desktop/Workspace/tp_jee2/pom.xml.
2017-09-28 11:54:14,929 [Worker-119] INFO  o.e.m.c.i.l.LifecycleMappingFactory - Using org.maven.ide.eclipse.wtp.EarLifecycleMapping lifecycle mapping for MavenProject: fr.cpe:tp_jee2-ear:1.0-SNAPSHOT @ /home/ubuntu/Desktop/Workspace/tp_jee2/tp_jee2-ear/pom.xml.
2017-09-28 11:54:15,489 [Worker-119] INFO  o.e.m.c.i.l.LifecycleMappingFactory - Using org.maven.ide.eclipse.wtp.EjbLifecycleMapping lifecycle mapping for MavenProject: fr.cpe:tp_jee2-ejb:1.0-SNAPSHOT @ /home/ubuntu/Desktop/Workspace/tp_jee2/tp_jee2-ejb/pom.xml.
2017-09-28 11:54:15,766 [Worker-119] INFO  o.e.m.c.i.l.LifecycleMappingFactory - Using org.maven.ide.eclipse.wtp.WarLifecycleMapping lifecycle mapping for MavenProject: fr.cpe:tp_jee2-web:1.0-SNAPSHOT @ /home/ubuntu/Desktop/Workspace/tp_jee2/tp_jee2-web/pom.xml.
2017-09-28 11:54:17,303 [Worker-119] INFO  o.e.m.c.i.embedder.EclipseLogger - Generating application.xml
2017-09-28 11:54:17,527 [Worker-119] INFO  o.e.m.c.i.embedder.EclipseLogger - Generating application.xml
2017-09-28 11:54:17,622 [Worker-119] INFO  o.e.m.j.i.AbstractJavaProjectConfigurator - Adding source folder /tp_jee2-ejb/src/main/java
2017-09-28 11:54:17,622 [Worker-119] INFO  o.e.m.j.i.AbstractJavaProjectConfigurator - Adding resource folder /tp_jee2-ejb/src/main/resources
2017-09-28 11:54:17,622 [Worker-119] INFO  o.e.m.j.i.AbstractJavaProjectConfigurator - Adding source folder /tp_jee2-ejb/src/test/java
2017-09-28 11:54:17,622 [Worker-119] INFO  o.e.m.j.i.AbstractJavaProjectConfigurator - Adding resource folder /tp_jee2-ejb/src/test/resources
2017-09-28 11:54:17,900 [Worker-119] INFO  o.e.m.j.i.AbstractJavaProjectConfigurator - Adding source folder /tp_jee2-web/src/main/java
2017-09-28 11:54:17,904 [Worker-119] INFO  o.e.m.j.i.AbstractJavaProjectConfigurator - Adding resource folder /tp_jee2-web/src/main/resources
2017-09-28 11:54:17,905 [Worker-119] INFO  o.e.m.j.i.AbstractJavaProjectConfigurator - Adding source folder /tp_jee2-web/src/test/java
2017-09-28 11:54:17,906 [Worker-119] INFO  o.e.m.j.i.AbstractJavaProjectConfigurator - Adding resource folder /tp_jee2-web/src/test/resources
2017-09-28 11:54:18,319 [Worker-119] INFO  o.e.m.w.i.f.ResourceFilteringBuildParticipant - Cleaning filtered folder for tp_jee2-ear
2017-09-28 11:54:18,348 [Worker-119] INFO  o.e.m.w.i.f.ResourceFilteringBuildParticipant - Cleaning filtered folder for tp_jee2-web
2017-09-28 11:54:18,350 [Worker-119] INFO  o.e.m.c.i.p.ProjectConfigurationManager - Update completed: 3 sec
2017-09-28 11:54:18,679 [Worker-127] INFO  o.e.m.c.i.embedder.EclipseLogger - Using 'UTF-8' encoding to copy filtered resources.
2017-09-28 11:54:18,680 [Worker-127] INFO  o.e.m.c.i.embedder.EclipseLogger - Copying 2 resources
2017-09-28 11:54:18,696 [Worker-127] INFO  o.e.m.c.i.embedder.EclipseLogger - Using 'UTF-8' encoding to copy filtered resources.
2017-09-28 11:54:18,697 [Worker-127] INFO  o.e.m.c.i.embedder.EclipseLogger - Copying 3 resources
2017-09-28 11:54:18,816 [Worker-127] INFO  o.e.m.w.i.f.ResourceFilteringBuildParticipant - Changed resources require a complete clean of filtered resources of tp_jee2-ear
2017-09-28 11:54:18,816 [Worker-127] INFO  o.e.m.w.i.f.ResourceFilteringBuildParticipant - Executing resource filtering for tp_jee2-ear
2017-09-28 11:54:18,822 [Worker-127] INFO  o.e.m.c.i.embedder.EclipseLogger - Using 'UTF-8' encoding to copy filtered resources.
2017-09-28 11:54:18,852 [Worker-127] INFO  o.e.m.c.i.embedder.EclipseLogger - Generating application.xml
2017-09-28 11:54:18,856 [Worker-127] INFO  o.e.m.c.i.embedder.EclipseLogger - Using 'UTF-8' encoding to copy filtered resources.
2017-09-28 11:54:18,856 [Worker-127] INFO  o.e.m.c.i.embedder.EclipseLogger - skip non existing resourceDirectory /home/ubuntu/Desktop/Workspace/tp_jee2/tp_jee2-ear/src/main/resources
2017-09-28 11:54:18,971 [Worker-127] INFO  o.e.m.c.i.embedder.EclipseLogger - Using 'UTF-8' encoding to copy filtered resources.
2017-09-28 11:54:18,972 [Worker-127] INFO  o.e.m.c.i.embedder.EclipseLogger - Copying 0 resource
2017-09-28 11:54:18,974 [Worker-127] INFO  o.e.m.c.i.embedder.EclipseLogger - Using 'UTF-8' encoding to copy filtered resources.
2017-09-28 11:54:18,975 [Worker-127] INFO  o.e.m.c.i.embedder.EclipseLogger - Copying 0 resource
2017-09-28 11:54:18,976 [Worker-127] INFO  o.e.m.w.i.f.ResourceFilteringBuildParticipant - Changed resources require a complete clean of filtered resources of tp_jee2-web
2017-09-28 11:54:18,976 [Worker-127] INFO  o.e.m.w.i.f.ResourceFilteringBuildParticipant - Executing resource filtering for tp_jee2-web
2017-09-28 11:54:18,982 [Worker-127] INFO  o.e.m.c.i.embedder.EclipseLogger - Using 'UTF-8' encoding to copy filtered resources.
2017-09-28 11:54:19,021 [Worker-126] INFO  o.e.m.c.i.embedder.EclipseLogger - Using 'UTF-8' encoding to copy filtered resources.
2017-09-28 11:54:19,021 [Worker-126] INFO  o.e.m.c.i.embedder.EclipseLogger - Copying 0 resource
2017-09-28 11:54:19,021 [Worker-126] INFO  o.e.m.c.i.embedder.EclipseLogger - Using 'UTF-8' encoding to copy filtered resources.
2017-09-28 11:54:19,021 [Worker-126] INFO  o.e.m.c.i.embedder.EclipseLogger - Copying 0 resource
2017-09-28 11:55:57,213 [Worker-124] INFO  o.e.m.c.i.embedder.EclipseLogger - Using 'UTF-8' encoding to copy filtered resources.
2017-09-28 11:55:57,214 [Worker-124] INFO  o.e.m.c.i.embedder.EclipseLogger - Copying 1 resource
2017-09-28 11:55:57,215 [Worker-124] INFO  o.e.m.c.i.embedder.EclipseLogger - Using 'UTF-8' encoding to copy filtered resources.
2017-09-28 11:55:57,215 [Worker-124] INFO  o.e.m.c.i.embedder.EclipseLogger - Copying 0 resource
2017-09-29 08:32:04,822 [Worker-10] INFO  o.e.m.c.i.embedder.EclipseLogger - Using 'UTF-8' encoding to copy filtered resources.
2017-09-29 08:32:04,857 [Worker-10] INFO  o.e.m.c.i.embedder.EclipseLogger - Copying 0 resource
2017-09-29 08:32:04,859 [Worker-10] INFO  o.e.m.c.i.embedder.EclipseLogger - Using 'UTF-8' encoding to copy filtered resources.
2017-09-29 08:32:04,859 [Worker-10] INFO  o.e.m.c.i.embedder.EclipseLogger - Copying 0 resource
2017-09-29 08:36:09,552 [Worker-33] INFO  o.e.m.c.i.embedder.EclipseLogger - Using 'UTF-8' encoding to copy filtered resources.
2017-09-29 08:36:09,554 [Worker-33] INFO  o.e.m.c.i.embedder.EclipseLogger - Copying 2 resources
2017-09-29 08:36:09,566 [Worker-33] INFO  o.e.m.c.i.embedder.EclipseLogger - Using 'UTF-8' encoding to copy filtered resources.
2017-09-29 08:36:09,567 [Worker-33] INFO  o.e.m.c.i.embedder.EclipseLogger - Copying 3 resources
2017-09-29 08:37:25,350 [Worker-36] INFO  o.e.m.c.i.embedder.EclipseLogger - Using 'UTF-8' encoding to copy filtered resources.
2017-09-29 08:37:25,367 [Worker-36] INFO  o.e.m.c.i.embedder.EclipseLogger - Copying 2 resources
2017-09-29 08:37:25,368 [Worker-36] INFO  o.e.m.c.i.embedder.EclipseLogger - Using 'UTF-8' encoding to copy filtered resources.
2017-09-29 08:37:25,368 [Worker-36] INFO  o.e.m.c.i.embedder.EclipseLogger - Copying 0 resource
2017-09-29 08:37:45,057 [Worker-35] INFO  o.e.m.c.i.embedder.EclipseLogger - Using 'UTF-8' encoding to copy filtered resources.
2017-09-29 08:37:45,058 [Worker-35] INFO  o.e.m.c.i.embedder.EclipseLogger - Copying 2 resources
2017-09-29 08:37:45,058 [Worker-35] INFO  o.e.m.c.i.embedder.EclipseLogger - Using 'UTF-8' encoding to copy filtered resources.
2017-09-29 08:37:45,058 [Worker-35] INFO  o.e.m.c.i.embedder.EclipseLogger - Copying 0 resource
2017-09-29 08:38:04,314 [Worker-0] INFO  o.e.m.c.i.embedder.EclipseLogger - Using 'UTF-8' encoding to copy filtered resources.
2017-09-29 08:38:04,314 [Worker-0] INFO  o.e.m.c.i.embedder.EclipseLogger - Copying 2 resources
2017-09-29 08:38:04,315 [Worker-0] INFO  o.e.m.c.i.embedder.EclipseLogger - Using 'UTF-8' encoding to copy filtered resources.
2017-09-29 08:38:04,315 [Worker-0] INFO  o.e.m.c.i.embedder.EclipseLogger - Copying 0 resource
2017-09-29 08:38:10,714 [Worker-0] INFO  o.e.m.c.i.embedder.EclipseLogger - Using 'UTF-8' encoding to copy filtered resources.
2017-09-29 08:38:10,714 [Worker-0] INFO  o.e.m.c.i.embedder.EclipseLogger - Copying 2 resources
2017-09-29 08:38:10,715 [Worker-0] INFO  o.e.m.c.i.embedder.EclipseLogger - Using 'UTF-8' encoding to copy filtered resources.
2017-09-29 08:38:10,715 [Worker-0] INFO  o.e.m.c.i.embedder.EclipseLogger - Copying 0 resource
2017-09-29 08:38:36,698 [Worker-35] INFO  o.e.m.c.i.embedder.EclipseLogger - Using 'UTF-8' encoding to copy filtered resources.
2017-09-29 08:38:36,699 [Worker-35] INFO  o.e.m.c.i.embedder.EclipseLogger - Copying 2 resources
2017-09-29 08:38:36,699 [Worker-35] INFO  o.e.m.c.i.embedder.EclipseLogger - Using 'UTF-8' encoding to copy filtered resources.
2017-09-29 08:38:36,699 [Worker-35] INFO  o.e.m.c.i.embedder.EclipseLogger - Copying 0 resource
2017-09-29 08:43:22,279 [Worker-37] INFO  o.e.m.c.i.embedder.EclipseLogger - Using 'UTF-8' encoding to copy filtered resources.
2017-09-29 08:43:22,281 [Worker-37] INFO  o.e.m.c.i.embedder.EclipseLogger - Copying 2 resources
2017-09-29 08:43:22,289 [Worker-37] INFO  o.e.m.c.i.embedder.EclipseLogger - Using 'UTF-8' encoding to copy filtered resources.
2017-09-29 08:43:22,289 [Worker-37] INFO  o.e.m.c.i.embedder.EclipseLogger - Copying 0 resource
2017-09-29 08:43:57,210 [Worker-37] INFO  o.e.m.c.i.embedder.EclipseLogger - Using 'UTF-8' encoding to copy filtered resources.
2017-09-29 08:43:57,211 [Worker-37] INFO  o.e.m.c.i.embedder.EclipseLogger - Copying 2 resources
2017-09-29 08:43:57,211 [Worker-37] INFO  o.e.m.c.i.embedder.EclipseLogger - Using 'UTF-8' encoding to copy filtered resources.
2017-09-29 08:43:57,211 [Worker-37] INFO  o.e.m.c.i.embedder.EclipseLogger - Copying 0 resource
2017-09-29 08:44:46,574 [Worker-39] INFO  o.e.m.c.i.embedder.EclipseLogger - Using 'UTF-8' encoding to copy filtered resources.
2017-09-29 08:44:46,574 [Worker-39] INFO  o.e.m.c.i.embedder.EclipseLogger - Copying 2 resources
2017-09-29 08:44:46,574 [Worker-39] INFO  o.e.m.c.i.embedder.EclipseLogger - Using 'UTF-8' encoding to copy filtered resources.
2017-09-29 08:44:46,574 [Worker-39] INFO  o.e.m.c.i.embedder.EclipseLogger - Copying 0 resource
2017-09-29 08:47:19,176 [Worker-40] INFO  o.e.m.c.i.embedder.EclipseLogger - Using 'UTF-8' encoding to copy filtered resources.
2017-09-29 08:47:19,176 [Worker-40] INFO  o.e.m.c.i.embedder.EclipseLogger - Copying 0 resource
2017-09-29 08:47:19,176 [Worker-40] INFO  o.e.m.c.i.embedder.EclipseLogger - Using 'UTF-8' encoding to copy filtered resources.
2017-09-29 08:47:19,176 [Worker-40] INFO  o.e.m.c.i.embedder.EclipseLogger - Copying 0 resource
2017-09-29 08:49:52,078 [Worker-37] INFO  o.e.m.c.i.embedder.EclipseLogger - Using 'UTF-8' encoding to copy filtered resources.
2017-09-29 08:49:52,078 [Worker-37] INFO  o.e.m.c.i.embedder.EclipseLogger - Copying 0 resource
2017-09-29 08:49:52,079 [Worker-37] INFO  o.e.m.c.i.embedder.EclipseLogger - Using 'UTF-8' encoding to copy filtered resources.
2017-09-29 08:49:52,079 [Worker-37] INFO  o.e.m.c.i.embedder.EclipseLogger - Copying 0 resource
2017-09-29 08:49:59,677 [Worker-41] INFO  o.e.m.c.i.embedder.EclipseLogger - Using 'UTF-8' encoding to copy filtered resources.
2017-09-29 08:49:59,682 [Worker-41] INFO  o.e.m.c.i.embedder.EclipseLogger - Copying 0 resource
2017-09-29 08:49:59,683 [Worker-41] INFO  o.e.m.c.i.embedder.EclipseLogger - Using 'UTF-8' encoding to copy filtered resources.
2017-09-29 08:49:59,683 [Worker-41] INFO  o.e.m.c.i.embedder.EclipseLogger - Copying 0 resource
2017-09-29 08:50:26,230 [Worker-37] INFO  o.e.m.c.i.embedder.EclipseLogger - Using 'UTF-8' encoding to copy filtered resources.
2017-09-29 08:50:26,230 [Worker-37] INFO  o.e.m.c.i.embedder.EclipseLogger - Copying 0 resource
2017-09-29 08:50:26,231 [Worker-37] INFO  o.e.m.c.i.embedder.EclipseLogger - Using 'UTF-8' encoding to copy filtered resources.
2017-09-29 08:50:26,231 [Worker-37] INFO  o.e.m.c.i.embedder.EclipseLogger - Copying 0 resource
2017-09-29 08:53:59,515 [Worker-44] INFO  o.e.m.c.i.embedder.EclipseLogger - Using 'UTF-8' encoding to copy filtered resources.
2017-09-29 08:53:59,515 [Worker-44] INFO  o.e.m.c.i.embedder.EclipseLogger - Copying 2 resources
2017-09-29 08:53:59,516 [Worker-44] INFO  o.e.m.c.i.embedder.EclipseLogger - Using 'UTF-8' encoding to copy filtered resources.
2017-09-29 08:53:59,516 [Worker-44] INFO  o.e.m.c.i.embedder.EclipseLogger - Copying 0 resource
2017-09-29 08:54:28,923 [Worker-41] INFO  o.e.m.c.i.embedder.EclipseLogger - Using 'UTF-8' encoding to copy filtered resources.
2017-09-29 08:54:28,923 [Worker-41] INFO  o.e.m.c.i.embedder.EclipseLogger - Copying 0 resource
2017-09-29 08:54:28,924 [Worker-41] INFO  o.e.m.c.i.embedder.EclipseLogger - Using 'UTF-8' encoding to copy filtered resources.
2017-09-29 08:54:28,924 [Worker-41] INFO  o.e.m.c.i.embedder.EclipseLogger - Copying 0 resource
2017-09-29 08:55:45,437 [Worker-45] INFO  o.e.m.c.i.embedder.EclipseLogger - Using 'UTF-8' encoding to copy filtered resources.
2017-09-29 08:55:45,437 [Worker-45] INFO  o.e.m.c.i.embedder.EclipseLogger - Copying 0 resource
2017-09-29 08:55:45,440 [Worker-45] INFO  o.e.m.c.i.embedder.EclipseLogger - Using 'UTF-8' encoding to copy filtered resources.
2017-09-29 08:55:45,444 [Worker-45] INFO  o.e.m.c.i.embedder.EclipseLogger - Copying 0 resource
2017-09-29 08:56:08,827 [Worker-41] INFO  o.e.m.c.i.embedder.EclipseLogger - Using 'UTF-8' encoding to copy filtered resources.
2017-09-29 08:56:08,828 [Worker-41] INFO  o.e.m.c.i.embedder.EclipseLogger - Copying 0 resource
2017-09-29 08:56:08,828 [Worker-41] INFO  o.e.m.c.i.embedder.EclipseLogger - Using 'UTF-8' encoding to copy filtered resources.
2017-09-29 08:56:08,828 [Worker-41] INFO  o.e.m.c.i.embedder.EclipseLogger - Copying 0 resource
2017-09-29 08:56:52,528 [Worker-43] INFO  o.e.m.c.i.embedder.EclipseLogger - Using 'UTF-8' encoding to copy filtered resources.
2017-09-29 08:56:52,530 [Worker-43] INFO  o.e.m.c.i.embedder.EclipseLogger - Copying 0 resource
2017-09-29 08:56:52,533 [Worker-43] INFO  o.e.m.c.i.embedder.EclipseLogger - Using 'UTF-8' encoding to copy filtered resources.
2017-09-29 08:56:52,533 [Worker-43] INFO  o.e.m.c.i.embedder.EclipseLogger - Copying 0 resource
2017-09-29 08:57:15,538 [Worker-45] INFO  o.e.m.c.i.embedder.EclipseLogger - Using 'UTF-8' encoding to copy filtered resources.
2017-09-29 08:57:15,538 [Worker-45] INFO  o.e.m.c.i.embedder.EclipseLogger - Copying 0 resource
2017-09-29 08:57:15,538 [Worker-45] INFO  o.e.m.c.i.embedder.EclipseLogger - Using 'UTF-8' encoding to copy filtered resources.
2017-09-29 08:57:15,538 [Worker-45] INFO  o.e.m.c.i.embedder.EclipseLogger - Copying 0 resource
2017-09-29 08:57:28,948 [Worker-39] INFO  o.e.m.c.i.embedder.EclipseLogger - Using 'UTF-8' encoding to copy filtered resources.
2017-09-29 08:57:28,948 [Worker-39] INFO  o.e.m.c.i.embedder.EclipseLogger - Copying 0 resource
2017-09-29 08:57:28,948 [Worker-39] INFO  o.e.m.c.i.embedder.EclipseLogger - Using 'UTF-8' encoding to copy filtered resources.
2017-09-29 08:57:28,948 [Worker-39] INFO  o.e.m.c.i.embedder.EclipseLogger - Copying 0 resource
2017-09-29 08:58:51,589 [Worker-39] INFO  o.e.m.c.i.embedder.EclipseLogger - Using 'UTF-8' encoding to copy filtered resources.
2017-09-29 08:58:51,589 [Worker-39] INFO  o.e.m.c.i.embedder.EclipseLogger - Copying 0 resource
2017-09-29 08:58:51,590 [Worker-39] INFO  o.e.m.c.i.embedder.EclipseLogger - Using 'UTF-8' encoding to copy filtered resources.
2017-09-29 08:58:51,590 [Worker-39] INFO  o.e.m.c.i.embedder.EclipseLogger - Copying 0 resource
2017-09-29 08:59:19,068 [Worker-39] INFO  o.e.m.c.i.embedder.EclipseLogger - Using 'UTF-8' encoding to copy filtered resources.
2017-09-29 08:59:19,068 [Worker-39] INFO  o.e.m.c.i.embedder.EclipseLogger - Copying 0 resource
2017-09-29 08:59:19,068 [Worker-39] INFO  o.e.m.c.i.embedder.EclipseLogger - Using 'UTF-8' encoding to copy filtered resources.
2017-09-29 08:59:19,069 [Worker-39] INFO  o.e.m.c.i.embedder.EclipseLogger - Copying 0 resource
2017-09-29 09:00:11,875 [Worker-43] INFO  o.e.m.c.i.embedder.EclipseLogger - Using 'UTF-8' encoding to copy filtered resources.
2017-09-29 09:00:11,876 [Worker-43] INFO  o.e.m.c.i.embedder.EclipseLogger - Copying 0 resource
2017-09-29 09:00:11,876 [Worker-43] INFO  o.e.m.c.i.embedder.EclipseLogger - Using 'UTF-8' encoding to copy filtered resources.
2017-09-29 09:00:11,876 [Worker-43] INFO  o.e.m.c.i.embedder.EclipseLogger - Copying 0 resource
2017-09-29 09:00:31,851 [Worker-40] INFO  o.e.m.c.i.embedder.EclipseLogger - Using 'UTF-8' encoding to copy filtered resources.
2017-09-29 09:00:31,852 [Worker-40] INFO  o.e.m.c.i.embedder.EclipseLogger - Copying 0 resource
2017-09-29 09:00:31,852 [Worker-40] INFO  o.e.m.c.i.embedder.EclipseLogger - Using 'UTF-8' encoding to copy filtered resources.
2017-09-29 09:00:31,853 [Worker-40] INFO  o.e.m.c.i.embedder.EclipseLogger - Copying 0 resource
2017-09-29 09:00:48,134 [Worker-44] INFO  o.e.m.c.i.embedder.EclipseLogger - Using 'UTF-8' encoding to copy filtered resources.
2017-09-29 09:00:48,134 [Worker-44] INFO  o.e.m.c.i.embedder.EclipseLogger - Copying 0 resource
2017-09-29 09:00:48,135 [Worker-44] INFO  o.e.m.c.i.embedder.EclipseLogger - Using 'UTF-8' encoding to copy filtered resources.
2017-09-29 09:00:48,135 [Worker-44] INFO  o.e.m.c.i.embedder.EclipseLogger - Copying 0 resource
2017-09-29 09:01:20,226 [Worker-43] INFO  o.e.m.c.i.embedder.EclipseLogger - Using 'UTF-8' encoding to copy filtered resources.
2017-09-29 09:01:20,231 [Worker-43] INFO  o.e.m.c.i.embedder.EclipseLogger - Copying 0 resource
2017-09-29 09:01:20,232 [Worker-43] INFO  o.e.m.c.i.embedder.EclipseLogger - Using 'UTF-8' encoding to copy filtered resources.
2017-09-29 09:01:20,232 [Worker-43] INFO  o.e.m.c.i.embedder.EclipseLogger - Copying 0 resource
2017-09-29 09:01:31,583 [Worker-42] INFO  o.e.m.c.i.embedder.EclipseLogger - Using 'UTF-8' encoding to copy filtered resources.
2017-09-29 09:01:31,583 [Worker-42] INFO  o.e.m.c.i.embedder.EclipseLogger - Copying 0 resource
2017-09-29 09:01:31,583 [Worker-42] INFO  o.e.m.c.i.embedder.EclipseLogger - Using 'UTF-8' encoding to copy filtered resources.
2017-09-29 09:01:31,583 [Worker-42] INFO  o.e.m.c.i.embedder.EclipseLogger - Copying 0 resource
2017-09-29 09:01:48,776 [Worker-42] INFO  o.e.m.c.i.embedder.EclipseLogger - Using 'UTF-8' encoding to copy filtered resources.
2017-09-29 09:01:48,776 [Worker-42] INFO  o.e.m.c.i.embedder.EclipseLogger - Copying 0 resource
2017-09-29 09:01:48,777 [Worker-42] INFO  o.e.m.c.i.embedder.EclipseLogger - Using 'UTF-8' encoding to copy filtered resources.
2017-09-29 09:01:48,777 [Worker-42] INFO  o.e.m.c.i.embedder.EclipseLogger - Copying 0 resource
2017-09-29 09:02:11,024 [Worker-40] INFO  o.e.m.c.i.embedder.EclipseLogger - Using 'UTF-8' encoding to copy filtered resources.
2017-09-29 09:02:11,025 [Worker-40] INFO  o.e.m.c.i.embedder.EclipseLogger - Copying 2 resources
2017-09-29 09:02:11,026 [Worker-40] INFO  o.e.m.c.i.embedder.EclipseLogger - Using 'UTF-8' encoding to copy filtered resources.
2017-09-29 09:02:11,026 [Worker-40] INFO  o.e.m.c.i.embedder.EclipseLogger - Copying 0 resource
2017-09-29 09:03:54,558 [Worker-46] INFO  o.e.m.c.i.embedder.EclipseLogger - Using 'UTF-8' encoding to copy filtered resources.
2017-09-29 09:03:54,559 [Worker-46] INFO  o.e.m.c.i.embedder.EclipseLogger - Copying 0 resource
2017-09-29 09:03:54,559 [Worker-46] INFO  o.e.m.c.i.embedder.EclipseLogger - Using 'UTF-8' encoding to copy filtered resources.
2017-09-29 09:03:54,559 [Worker-46] INFO  o.e.m.c.i.embedder.EclipseLogger - Copying 0 resource
2017-09-29 09:06:20,019 [Worker-44] INFO  o.e.m.c.i.embedder.EclipseLogger - Using 'UTF-8' encoding to copy filtered resources.
2017-09-29 09:06:20,019 [Worker-44] INFO  o.e.m.c.i.embedder.EclipseLogger - Copying 0 resource
2017-09-29 09:06:20,020 [Worker-44] INFO  o.e.m.c.i.embedder.EclipseLogger - Using 'UTF-8' encoding to copy filtered resources.
2017-09-29 09:06:20,020 [Worker-44] INFO  o.e.m.c.i.embedder.EclipseLogger - Copying 0 resource
2017-09-29 09:09:09,959 [Worker-46] INFO  o.e.m.c.i.embedder.EclipseLogger - Using 'UTF-8' encoding to copy filtered resources.
2017-09-29 09:09:09,959 [Worker-46] INFO  o.e.m.c.i.embedder.EclipseLogger - Copying 0 resource
2017-09-29 09:09:09,960 [Worker-46] INFO  o.e.m.c.i.embedder.EclipseLogger - Using 'UTF-8' encoding to copy filtered resources.
2017-09-29 09:09:09,960 [Worker-46] INFO  o.e.m.c.i.embedder.EclipseLogger - Copying 0 resource
2017-09-29 09:34:21,573 [Worker-61] INFO  o.e.m.c.i.embedder.EclipseLogger - Using 'UTF-8' encoding to copy filtered resources.
2017-09-29 09:34:21,573 [Worker-61] INFO  o.e.m.c.i.embedder.EclipseLogger - Copying 0 resource
2017-09-29 09:34:21,574 [Worker-61] INFO  o.e.m.c.i.embedder.EclipseLogger - Using 'UTF-8' encoding to copy filtered resources.
2017-09-29 09:34:21,574 [Worker-61] INFO  o.e.m.c.i.embedder.EclipseLogger - Copying 0 resource
2017-09-29 09:35:39,151 [Worker-54] INFO  o.e.m.c.i.embedder.EclipseLogger - Using 'UTF-8' encoding to copy filtered resources.
2017-09-29 09:35:39,151 [Worker-54] INFO  o.e.m.c.i.embedder.EclipseLogger - Copying 0 resource
2017-09-29 09:35:39,152 [Worker-54] INFO  o.e.m.c.i.embedder.EclipseLogger - Using 'UTF-8' encoding to copy filtered resources.
2017-09-29 09:35:39,152 [Worker-54] INFO  o.e.m.c.i.embedder.EclipseLogger - Copying 0 resource
2017-09-29 09:35:53,706 [Worker-54] INFO  o.e.m.c.i.embedder.EclipseLogger - Using 'UTF-8' encoding to copy filtered resources.
2017-09-29 09:35:53,706 [Worker-54] INFO  o.e.m.c.i.embedder.EclipseLogger - Copying 0 resource
2017-09-29 09:35:53,708 [Worker-54] INFO  o.e.m.c.i.embedder.EclipseLogger - Using 'UTF-8' encoding to copy filtered resources.
2017-09-29 09:35:53,708 [Worker-54] INFO  o.e.m.c.i.embedder.EclipseLogger - Copying 0 resource
2017-09-29 09:36:01,563 [Worker-60] INFO  o.e.m.c.i.embedder.EclipseLogger - Using 'UTF-8' encoding to copy filtered resources.
2017-09-29 09:36:01,563 [Worker-60] INFO  o.e.m.c.i.embedder.EclipseLogger - Copying 0 resource
2017-09-29 09:36:01,564 [Worker-60] INFO  o.e.m.c.i.embedder.EclipseLogger - Using 'UTF-8' encoding to copy filtered resources.
2017-09-29 09:36:01,564 [Worker-60] INFO  o.e.m.c.i.embedder.EclipseLogger - Copying 0 resource
2017-09-29 09:36:28,897 [Worker-62] INFO  o.e.m.c.i.embedder.EclipseLogger - Using 'UTF-8' encoding to copy filtered resources.
2017-09-29 09:36:28,897 [Worker-62] INFO  o.e.m.c.i.embedder.EclipseLogger - Copying 0 resource
2017-09-29 09:36:28,897 [Worker-62] INFO  o.e.m.c.i.embedder.EclipseLogger - Using 'UTF-8' encoding to copy filtered resources.
2017-09-29 09:36:28,897 [Worker-62] INFO  o.e.m.c.i.embedder.EclipseLogger - Copying 0 resource
2017-09-29 09:37:07,649 [Worker-60] INFO  o.e.m.c.i.embedder.EclipseLogger - Using 'UTF-8' encoding to copy filtered resources.
2017-09-29 09:37:07,649 [Worker-60] INFO  o.e.m.c.i.embedder.EclipseLogger - Copying 0 resource
2017-09-29 09:37:07,650 [Worker-60] INFO  o.e.m.c.i.embedder.EclipseLogger - Using 'UTF-8' encoding to copy filtered resources.
2017-09-29 09:37:07,650 [Worker-60] INFO  o.e.m.c.i.embedder.EclipseLogger - Copying 0 resource
2017-09-29 09:37:17,615 [Worker-62] INFO  o.e.m.c.i.embedder.EclipseLogger - Using 'UTF-8' encoding to copy filtered resources.
2017-09-29 09:37:17,616 [Worker-62] INFO  o.e.m.c.i.embedder.EclipseLogger - Copying 2 resources
2017-09-29 09:37:17,620 [Worker-62] INFO  o.e.m.c.i.embedder.EclipseLogger - Using 'UTF-8' encoding to copy filtered resources.
2017-09-29 09:37:17,620 [Worker-62] INFO  o.e.m.c.i.embedder.EclipseLogger - Copying 0 resource
2017-09-29 09:37:17,911 [Worker-54] INFO  o.e.m.c.i.embedder.EclipseLogger - Using 'UTF-8' encoding to copy filtered resources.
2017-09-29 09:37:17,911 [Worker-54] INFO  o.e.m.c.i.embedder.EclipseLogger - Copying 0 resource
2017-09-29 09:37:17,911 [Worker-54] INFO  o.e.m.c.i.embedder.EclipseLogger - Using 'UTF-8' encoding to copy filtered resources.
2017-09-29 09:37:17,912 [Worker-54] INFO  o.e.m.c.i.embedder.EclipseLogger - Copying 0 resource
2017-09-29 09:37:29,261 [Worker-60] INFO  o.e.m.c.i.embedder.EclipseLogger - Using 'UTF-8' encoding to copy filtered resources.
2017-09-29 09:37:29,261 [Worker-60] INFO  o.e.m.c.i.embedder.EclipseLogger - Copying 2 resources
2017-09-29 09:37:29,262 [Worker-60] INFO  o.e.m.c.i.embedder.EclipseLogger - Using 'UTF-8' encoding to copy filtered resources.
2017-09-29 09:37:29,262 [Worker-60] INFO  o.e.m.c.i.embedder.EclipseLogger - Copying 0 resource
2017-09-29 09:37:35,813 [Worker-63] INFO  o.e.m.c.i.embedder.EclipseLogger - Using 'UTF-8' encoding to copy filtered resources.
2017-09-29 09:37:35,814 [Worker-63] INFO  o.e.m.c.i.embedder.EclipseLogger - Copying 2 resources
2017-09-29 09:37:35,814 [Worker-63] INFO  o.e.m.c.i.embedder.EclipseLogger - Using 'UTF-8' encoding to copy filtered resources.
2017-09-29 09:37:35,814 [Worker-63] INFO  o.e.m.c.i.embedder.EclipseLogger - Copying 0 resource
2017-09-29 09:38:52,407 [Worker-61] INFO  o.e.m.c.i.embedder.EclipseLogger - Using 'UTF-8' encoding to copy filtered resources.
2017-09-29 09:38:52,407 [Worker-61] INFO  o.e.m.c.i.embedder.EclipseLogger - Copying 2 resources
2017-09-29 09:38:52,407 [Worker-61] INFO  o.e.m.c.i.embedder.EclipseLogger - Using 'UTF-8' encoding to copy filtered resources.
2017-09-29 09:38:52,407 [Worker-61] INFO  o.e.m.c.i.embedder.EclipseLogger - Copying 0 resource
2017-09-29 09:39:29,672 [Worker-63] INFO  o.e.m.c.i.embedder.EclipseLogger - Using 'UTF-8' encoding to copy filtered resources.
2017-09-29 09:39:29,672 [Worker-63] INFO  o.e.m.c.i.embedder.EclipseLogger - Copying 2 resources
2017-09-29 09:39:29,681 [Worker-63] INFO  o.e.m.c.i.embedder.EclipseLogger - Using 'UTF-8' encoding to copy filtered resources.
2017-09-29 09:39:29,681 [Worker-63] INFO  o.e.m.c.i.embedder.EclipseLogger - Copying 0 resource
2017-09-29 09:39:50,080 [Worker-62] INFO  o.e.m.c.i.embedder.EclipseLogger - Using 'UTF-8' encoding to copy filtered resources.
2017-09-29 09:39:50,081 [Worker-62] INFO  o.e.m.c.i.embedder.EclipseLogger - Copying 2 resources
2017-09-29 09:39:50,082 [Worker-62] INFO  o.e.m.c.i.embedder.EclipseLogger - Using 'UTF-8' encoding to copy filtered resources.
2017-09-29 09:39:50,083 [Worker-62] INFO  o.e.m.c.i.embedder.EclipseLogger - Copying 0 resource
2017-09-29 09:40:03,325 [Worker-65] INFO  o.e.m.c.i.embedder.EclipseLogger - Using 'UTF-8' encoding to copy filtered resources.
2017-09-29 09:40:03,326 [Worker-65] INFO  o.e.m.c.i.embedder.EclipseLogger - Copying 2 resources
2017-09-29 09:40:03,326 [Worker-65] INFO  o.e.m.c.i.embedder.EclipseLogger - Using 'UTF-8' encoding to copy filtered resources.
2017-09-29 09:40:03,326 [Worker-65] INFO  o.e.m.c.i.embedder.EclipseLogger - Copying 0 resource
2017-09-29 09:41:43,455 [Worker-64] INFO  o.e.m.c.i.embedder.EclipseLogger - Using 'UTF-8' encoding to copy filtered resources.
2017-09-29 09:41:43,456 [Worker-64] INFO  o.e.m.c.i.embedder.EclipseLogger - Copying 2 resources
2017-09-29 09:41:43,456 [Worker-64] INFO  o.e.m.c.i.embedder.EclipseLogger - Using 'UTF-8' encoding to copy filtered resources.
2017-09-29 09:41:43,457 [Worker-64] INFO  o.e.m.c.i.embedder.EclipseLogger - Copying 0 resource
2017-09-29 09:46:26,621 [Worker-54] INFO  o.e.m.c.i.embedder.EclipseLogger - Using 'UTF-8' encoding to copy filtered resources.
2017-09-29 09:46:26,622 [Worker-54] INFO  o.e.m.c.i.embedder.EclipseLogger - Copying 2 resources
2017-09-29 09:46:26,622 [Worker-54] INFO  o.e.m.c.i.embedder.EclipseLogger - Using 'UTF-8' encoding to copy filtered resources.
2017-09-29 09:46:26,622 [Worker-54] INFO  o.e.m.c.i.embedder.EclipseLogger - Copying 0 resource
2017-09-29 09:46:39,249 [Worker-62] INFO  o.e.m.c.i.embedder.EclipseLogger - Using 'UTF-8' encoding to copy filtered resources.
2017-09-29 09:46:39,249 [Worker-62] INFO  o.e.m.c.i.embedder.EclipseLogger - Copying 2 resources
2017-09-29 09:46:39,250 [Worker-62] INFO  o.e.m.c.i.embedder.EclipseLogger - Using 'UTF-8' encoding to copy filtered resources.
2017-09-29 09:46:39,250 [Worker-62] INFO  o.e.m.c.i.embedder.EclipseLogger - Copying 0 resource
2017-09-29 09:47:03,329 [Worker-70] INFO  o.e.m.c.i.embedder.EclipseLogger - Using 'UTF-8' encoding to copy filtered resources.
2017-09-29 09:47:03,329 [Worker-70] INFO  o.e.m.c.i.embedder.EclipseLogger - Copying 2 resources
2017-09-29 09:47:03,330 [Worker-70] INFO  o.e.m.c.i.embedder.EclipseLogger - Using 'UTF-8' encoding to copy filtered resources.
2017-09-29 09:47:03,330 [Worker-70] INFO  o.e.m.c.i.embedder.EclipseLogger - Copying 0 resource
2017-09-29 09:47:18,636 [Worker-72] INFO  o.e.m.c.i.embedder.EclipseLogger - Using 'UTF-8' encoding to copy filtered resources.
2017-09-29 09:47:18,640 [Worker-72] INFO  o.e.m.c.i.embedder.EclipseLogger - Copying 2 resources
2017-09-29 09:47:18,643 [Worker-72] INFO  o.e.m.c.i.embedder.EclipseLogger - Using 'UTF-8' encoding to copy filtered resources.
2017-09-29 09:47:18,643 [Worker-72] INFO  o.e.m.c.i.embedder.EclipseLogger - Copying 0 resource
2017-09-29 09:47:46,975 [Worker-71] INFO  o.e.m.c.i.embedder.EclipseLogger - Using 'UTF-8' encoding to copy filtered resources.
2017-09-29 09:47:46,975 [Worker-71] INFO  o.e.m.c.i.embedder.EclipseLogger - Copying 2 resources
2017-09-29 09:47:46,976 [Worker-71] INFO  o.e.m.c.i.embedder.EclipseLogger - Using 'UTF-8' encoding to copy filtered resources.
2017-09-29 09:47:46,976 [Worker-71] INFO  o.e.m.c.i.embedder.EclipseLogger - Copying 0 resource
2017-09-29 09:48:11,064 [Worker-62] INFO  o.e.m.c.i.embedder.EclipseLogger - Using 'UTF-8' encoding to copy filtered resources.
2017-09-29 09:48:11,065 [Worker-62] INFO  o.e.m.c.i.embedder.EclipseLogger - Copying 2 resources
2017-09-29 09:48:11,065 [Worker-62] INFO  o.e.m.c.i.embedder.EclipseLogger - Using 'UTF-8' encoding to copy filtered resources.
2017-09-29 09:48:11,065 [Worker-62] INFO  o.e.m.c.i.embedder.EclipseLogger - Copying 0 resource
2017-09-29 09:49:35,024 [Worker-70] INFO  o.e.m.c.i.embedder.EclipseLogger - Using 'UTF-8' encoding to copy filtered resources.
2017-09-29 09:49:35,024 [Worker-70] INFO  o.e.m.c.i.embedder.EclipseLogger - Copying 2 resources
2017-09-29 09:49:35,027 [Worker-70] INFO  o.e.m.c.i.embedder.EclipseLogger - Using 'UTF-8' encoding to copy filtered resources.
2017-09-29 09:49:35,027 [Worker-70] INFO  o.e.m.c.i.embedder.EclipseLogger - Copying 0 resource
2017-09-29 09:50:17,130 [Worker-70] INFO  o.e.m.c.i.embedder.EclipseLogger - Using 'UTF-8' encoding to copy filtered resources.
2017-09-29 09:50:17,131 [Worker-70] INFO  o.e.m.c.i.embedder.EclipseLogger - Copying 0 resource
2017-09-29 09:50:17,131 [Worker-70] INFO  o.e.m.c.i.embedder.EclipseLogger - Using 'UTF-8' encoding to copy filtered resources.
2017-09-29 09:50:17,132 [Worker-70] INFO  o.e.m.c.i.embedder.EclipseLogger - Copying 0 resource
2017-09-29 09:50:31,405 [Worker-71] INFO  o.e.m.c.i.embedder.EclipseLogger - Using 'UTF-8' encoding to copy filtered resources.
2017-09-29 09:50:31,405 [Worker-71] INFO  o.e.m.c.i.embedder.EclipseLogger - Copying 0 resource
2017-09-29 09:50:31,406 [Worker-71] INFO  o.e.m.c.i.embedder.EclipseLogger - Using 'UTF-8' encoding to copy filtered resources.
2017-09-29 09:50:31,406 [Worker-71] INFO  o.e.m.c.i.embedder.EclipseLogger - Copying 0 resource
2017-09-29 09:51:03,219 [Worker-54] INFO  o.e.m.c.i.embedder.EclipseLogger - Using 'UTF-8' encoding to copy filtered resources.
2017-09-29 09:51:03,219 [Worker-54] INFO  o.e.m.c.i.embedder.EclipseLogger - Copying 0 resource
2017-09-29 09:51:03,220 [Worker-54] INFO  o.e.m.c.i.embedder.EclipseLogger - Using 'UTF-8' encoding to copy filtered resources.
2017-09-29 09:51:03,220 [Worker-54] INFO  o.e.m.c.i.embedder.EclipseLogger - Copying 0 resource
2017-09-29 09:51:55,498 [Worker-71] INFO  o.e.m.c.i.embedder.EclipseLogger - Using 'UTF-8' encoding to copy filtered resources.
2017-09-29 09:51:55,498 [Worker-71] INFO  o.e.m.c.i.embedder.EclipseLogger - Copying 0 resource
2017-09-29 09:51:55,498 [Worker-71] INFO  o.e.m.c.i.embedder.EclipseLogger - Using 'UTF-8' encoding to copy filtered resources.
2017-09-29 09:51:55,498 [Worker-71] INFO  o.e.m.c.i.embedder.EclipseLogger - Copying 0 resource
2017-09-29 09:52:35,143 [Worker-54] INFO  o.e.m.c.i.embedder.EclipseLogger - Using 'UTF-8' encoding to copy filtered resources.
2017-09-29 09:52:35,144 [Worker-54] INFO  o.e.m.c.i.embedder.EclipseLogger - Copying 0 resource
2017-09-29 09:52:35,144 [Worker-54] INFO  o.e.m.c.i.embedder.EclipseLogger - Using 'UTF-8' encoding to copy filtered resources.
2017-09-29 09:52:35,144 [Worker-54] INFO  o.e.m.c.i.embedder.EclipseLogger - Copying 0 resource
2017-09-29 09:52:46,773 [Worker-69] INFO  o.e.m.c.i.embedder.EclipseLogger - Using 'UTF-8' encoding to copy filtered resources.
2017-09-29 09:52:46,773 [Worker-69] INFO  o.e.m.c.i.embedder.EclipseLogger - Copying 0 resource
2017-09-29 09:52:46,773 [Worker-69] INFO  o.e.m.c.i.embedder.EclipseLogger - Using 'UTF-8' encoding to copy filtered resources.
2017-09-29 09:52:46,773 [Worker-69] INFO  o.e.m.c.i.embedder.EclipseLogger - Copying 0 resource
2017-09-29 09:53:05,098 [Worker-71] INFO  o.e.m.c.i.embedder.EclipseLogger - Using 'UTF-8' encoding to copy filtered resources.
2017-09-29 09:53:05,098 [Worker-71] INFO  o.e.m.c.i.embedder.EclipseLogger - Copying 0 resource
2017-09-29 09:53:05,098 [Worker-71] INFO  o.e.m.c.i.embedder.EclipseLogger - Using 'UTF-8' encoding to copy filtered resources.
2017-09-29 09:53:05,098 [Worker-71] INFO  o.e.m.c.i.embedder.EclipseLogger - Copying 0 resource
2017-09-29 09:54:12,024 [Worker-71] INFO  o.e.m.c.i.embedder.EclipseLogger - Using 'UTF-8' encoding to copy filtered resources.
2017-09-29 09:54:12,024 [Worker-71] INFO  o.e.m.c.i.embedder.EclipseLogger - Copying 0 resource
2017-09-29 09:54:12,025 [Worker-71] INFO  o.e.m.c.i.embedder.EclipseLogger - Using 'UTF-8' encoding to copy filtered resources.
2017-09-29 09:54:12,025 [Worker-71] INFO  o.e.m.c.i.embedder.EclipseLogger - Copying 0 resource
2017-09-29 09:54:24,878 [Worker-62] INFO  o.e.m.c.i.embedder.EclipseLogger - Using 'UTF-8' encoding to copy filtered resources.
2017-09-29 09:54:24,878 [Worker-62] INFO  o.e.m.c.i.embedder.EclipseLogger - Copying 0 resource
2017-09-29 09:54:24,879 [Worker-62] INFO  o.e.m.c.i.embedder.EclipseLogger - Using 'UTF-8' encoding to copy filtered resources.
2017-09-29 09:54:24,879 [Worker-62] INFO  o.e.m.c.i.embedder.EclipseLogger - Copying 0 resource
2017-09-29 09:56:59,696 [Worker-72] INFO  o.e.m.c.i.embedder.EclipseLogger - Using 'UTF-8' encoding to copy filtered resources.
2017-09-29 09:56:59,696 [Worker-72] INFO  o.e.m.c.i.embedder.EclipseLogger - Copying 0 resource
2017-09-29 09:56:59,701 [Worker-72] INFO  o.e.m.c.i.embedder.EclipseLogger - Using 'UTF-8' encoding to copy filtered resources.
2017-09-29 09:56:59,701 [Worker-72] INFO  o.e.m.c.i.embedder.EclipseLogger - Copying 0 resource
2017-09-29 09:57:09,505 [Worker-70] INFO  o.e.m.c.i.embedder.EclipseLogger - Using 'UTF-8' encoding to copy filtered resources.
2017-09-29 09:57:09,505 [Worker-70] INFO  o.e.m.c.i.embedder.EclipseLogger - Copying 0 resource
2017-09-29 09:57:09,506 [Worker-70] INFO  o.e.m.c.i.embedder.EclipseLogger - Using 'UTF-8' encoding to copy filtered resources.
2017-09-29 09:57:09,506 [Worker-70] INFO  o.e.m.c.i.embedder.EclipseLogger - Copying 0 resource
2017-09-29 09:57:25,687 [Worker-54] INFO  o.e.m.c.i.embedder.EclipseLogger - Using 'UTF-8' encoding to copy filtered resources.
2017-09-29 09:57:25,687 [Worker-54] INFO  o.e.m.c.i.embedder.EclipseLogger - Copying 0 resource
2017-09-29 09:57:25,688 [Worker-54] INFO  o.e.m.c.i.embedder.EclipseLogger - Using 'UTF-8' encoding to copy filtered resources.
2017-09-29 09:57:25,688 [Worker-54] INFO  o.e.m.c.i.embedder.EclipseLogger - Copying 0 resource
2017-09-29 09:57:36,083 [Worker-71] INFO  o.e.m.c.i.embedder.EclipseLogger - Using 'UTF-8' encoding to copy filtered resources.
2017-09-29 09:57:36,084 [Worker-71] INFO  o.e.m.c.i.embedder.EclipseLogger - Copying 0 resource
2017-09-29 09:57:36,084 [Worker-71] INFO  o.e.m.c.i.embedder.EclipseLogger - Using 'UTF-8' encoding to copy filtered resources.
2017-09-29 09:57:36,084 [Worker-71] INFO  o.e.m.c.i.embedder.EclipseLogger - Copying 0 resource
2017-09-29 09:58:00,502 [Worker-71] INFO  o.e.m.c.i.embedder.EclipseLogger - Using 'UTF-8' encoding to copy filtered resources.
2017-09-29 09:58:00,502 [Worker-71] INFO  o.e.m.c.i.embedder.EclipseLogger - Copying 0 resource
2017-09-29 09:58:00,502 [Worker-71] INFO  o.e.m.c.i.embedder.EclipseLogger - Using 'UTF-8' encoding to copy filtered resources.
2017-09-29 09:58:00,502 [Worker-71] INFO  o.e.m.c.i.embedder.EclipseLogger - Copying 0 resource
2017-09-29 10:00:35,801 [Worker-74] INFO  o.e.m.c.i.embedder.EclipseLogger - Using 'UTF-8' encoding to copy filtered resources.
2017-09-29 10:00:35,801 [Worker-74] INFO  o.e.m.c.i.embedder.EclipseLogger - Copying 0 resource
2017-09-29 10:00:35,802 [Worker-74] INFO  o.e.m.c.i.embedder.EclipseLogger - Using 'UTF-8' encoding to copy filtered resources.
2017-09-29 10:00:35,802 [Worker-74] INFO  o.e.m.c.i.embedder.EclipseLogger - Copying 0 resource
2017-09-29 10:01:11,608 [Worker-70] INFO  o.e.m.c.i.embedder.EclipseLogger - Using 'UTF-8' encoding to copy filtered resources.
2017-09-29 10:01:11,608 [Worker-70] INFO  o.e.m.c.i.embedder.EclipseLogger - Copying 0 resource
2017-09-29 10:01:11,609 [Worker-70] INFO  o.e.m.c.i.embedder.EclipseLogger - Using 'UTF-8' encoding to copy filtered resources.
2017-09-29 10:01:11,609 [Worker-70] INFO  o.e.m.c.i.embedder.EclipseLogger - Copying 0 resource
2017-09-29 10:22:49,344 [Worker-78] INFO  o.e.m.c.i.embedder.EclipseLogger - Using 'UTF-8' encoding to copy filtered resources.
2017-09-29 10:22:49,345 [Worker-78] INFO  o.e.m.c.i.embedder.EclipseLogger - Copying 0 resource
2017-09-29 10:22:49,345 [Worker-78] INFO  o.e.m.c.i.embedder.EclipseLogger - Using 'UTF-8' encoding to copy filtered resources.
2017-09-29 10:22:49,345 [Worker-78] INFO  o.e.m.c.i.embedder.EclipseLogger - Copying 0 resource
2017-09-29 10:24:20,700 [Worker-80] INFO  o.e.m.c.i.embedder.EclipseLogger - Using 'UTF-8' encoding to copy filtered resources.
2017-09-29 10:24:20,700 [Worker-80] INFO  o.e.m.c.i.embedder.EclipseLogger - Copying 0 resource
2017-09-29 10:24:20,701 [Worker-80] INFO  o.e.m.c.i.embedder.EclipseLogger - Using 'UTF-8' encoding to copy filtered resources.
2017-09-29 10:24:20,701 [Worker-80] INFO  o.e.m.c.i.embedder.EclipseLogger - Copying 0 resource
2017-09-29 10:24:59,808 [Worker-77] INFO  o.e.m.c.i.embedder.EclipseLogger - Using 'UTF-8' encoding to copy filtered resources.
2017-09-29 10:24:59,808 [Worker-77] INFO  o.e.m.c.i.embedder.EclipseLogger - Copying 0 resource
2017-09-29 10:24:59,809 [Worker-77] INFO  o.e.m.c.i.embedder.EclipseLogger - Using 'UTF-8' encoding to copy filtered resources.
2017-09-29 10:24:59,809 [Worker-77] INFO  o.e.m.c.i.embedder.EclipseLogger - Copying 0 resource
2017-09-29 10:27:00,895 [Worker-78] INFO  o.e.m.c.i.embedder.EclipseLogger - Using 'UTF-8' encoding to copy filtered resources.
2017-09-29 10:27:00,895 [Worker-78] INFO  o.e.m.c.i.embedder.EclipseLogger - Copying 0 resource
2017-09-29 10:27:00,896 [Worker-78] INFO  o.e.m.c.i.embedder.EclipseLogger - Using 'UTF-8' encoding to copy filtered resources.
2017-09-29 10:27:00,896 [Worker-78] INFO  o.e.m.c.i.embedder.EclipseLogger - Copying 0 resource
2017-09-29 10:27:25,327 [Worker-80] INFO  o.e.m.c.i.embedder.EclipseLogger - Using 'UTF-8' encoding to copy filtered resources.
2017-09-29 10:27:25,327 [Worker-80] INFO  o.e.m.c.i.embedder.EclipseLogger - Copying 0 resource
2017-09-29 10:27:25,328 [Worker-80] INFO  o.e.m.c.i.embedder.EclipseLogger - Using 'UTF-8' encoding to copy filtered resources.
2017-09-29 10:27:25,328 [Worker-80] INFO  o.e.m.c.i.embedder.EclipseLogger - Copying 0 resource
2017-09-29 10:27:58,504 [Worker-81] INFO  o.e.m.c.i.embedder.EclipseLogger - Using 'UTF-8' encoding to copy filtered resources.
2017-09-29 10:27:58,513 [Worker-81] INFO  o.e.m.c.i.embedder.EclipseLogger - Copying 0 resource
2017-09-29 10:27:58,513 [Worker-81] INFO  o.e.m.c.i.embedder.EclipseLogger - Using 'UTF-8' encoding to copy filtered resources.
2017-09-29 10:27:58,513 [Worker-81] INFO  o.e.m.c.i.embedder.EclipseLogger - Copying 0 resource
2017-09-29 10:28:10,749 [Worker-79] INFO  o.e.m.c.i.embedder.EclipseLogger - Using 'UTF-8' encoding to copy filtered resources.
2017-09-29 10:28:10,749 [Worker-79] INFO  o.e.m.c.i.embedder.EclipseLogger - Copying 0 resource
2017-09-29 10:28:10,749 [Worker-79] INFO  o.e.m.c.i.embedder.EclipseLogger - Using 'UTF-8' encoding to copy filtered resources.
2017-09-29 10:28:10,750 [Worker-79] INFO  o.e.m.c.i.embedder.EclipseLogger - Copying 0 resource
2017-09-29 10:28:25,792 [Worker-78] INFO  o.e.m.c.i.embedder.EclipseLogger - Using 'UTF-8' encoding to copy filtered resources.
2017-09-29 10:28:25,792 [Worker-78] INFO  o.e.m.c.i.embedder.EclipseLogger - Copying 0 resource
2017-09-29 10:28:25,793 [Worker-78] INFO  o.e.m.c.i.embedder.EclipseLogger - Using 'UTF-8' encoding to copy filtered resources.
2017-09-29 10:28:25,793 [Worker-78] INFO  o.e.m.c.i.embedder.EclipseLogger - Copying 0 resource
2017-09-29 10:29:24,753 [Worker-81] INFO  o.e.m.c.i.embedder.EclipseLogger - Using 'UTF-8' encoding to copy filtered resources.
2017-09-29 10:29:24,753 [Worker-81] INFO  o.e.m.c.i.embedder.EclipseLogger - Copying 0 resource
2017-09-29 10:29:24,753 [Worker-81] INFO  o.e.m.c.i.embedder.EclipseLogger - Using 'UTF-8' encoding to copy filtered resources.
2017-09-29 10:29:24,757 [Worker-81] INFO  o.e.m.c.i.embedder.EclipseLogger - Copying 0 resource
2017-09-29 10:30:31,843 [Worker-78] INFO  o.e.m.c.i.embedder.EclipseLogger - Using 'UTF-8' encoding to copy filtered resources.
2017-09-29 10:30:31,843 [Worker-78] INFO  o.e.m.c.i.embedder.EclipseLogger - Copying 0 resource
2017-09-29 10:30:31,845 [Worker-78] INFO  o.e.m.c.i.embedder.EclipseLogger - Using 'UTF-8' encoding to copy filtered resources.
2017-09-29 10:30:31,846 [Worker-78] INFO  o.e.m.c.i.embedder.EclipseLogger - Copying 0 resource
2017-09-29 10:32:22,145 [Worker-81] INFO  o.e.m.c.i.embedder.EclipseLogger - Using 'UTF-8' encoding to copy filtered resources.
2017-09-29 10:32:22,145 [Worker-81] INFO  o.e.m.c.i.embedder.EclipseLogger - Copying 0 resource
2017-09-29 10:32:22,145 [Worker-81] INFO  o.e.m.c.i.embedder.EclipseLogger - Using 'UTF-8' encoding to copy filtered resources.
2017-09-29 10:32:22,145 [Worker-81] INFO  o.e.m.c.i.embedder.EclipseLogger - Copying 0 resource
2017-09-29 10:35:51,467 [Worker-84] INFO  o.e.m.c.i.embedder.EclipseLogger - Using 'UTF-8' encoding to copy filtered resources.
2017-09-29 10:35:51,467 [Worker-84] INFO  o.e.m.c.i.embedder.EclipseLogger - Copying 0 resource
2017-09-29 10:35:51,468 [Worker-84] INFO  o.e.m.c.i.embedder.EclipseLogger - Using 'UTF-8' encoding to copy filtered resources.
2017-09-29 10:35:51,468 [Worker-84] INFO  o.e.m.c.i.embedder.EclipseLogger - Copying 0 resource
2017-09-29 10:35:53,668 [Worker-85] INFO  o.e.m.c.i.embedder.EclipseLogger - Using 'UTF-8' encoding to copy filtered resources.
2017-09-29 10:35:53,669 [Worker-85] INFO  o.e.m.c.i.embedder.EclipseLogger - Copying 2 resources
2017-09-29 10:35:53,669 [Worker-85] INFO  o.e.m.c.i.embedder.EclipseLogger - Using 'UTF-8' encoding to copy filtered resources.
2017-09-29 10:35:53,669 [Worker-85] INFO  o.e.m.c.i.embedder.EclipseLogger - Copying 0 resource
2017-09-29 10:36:32,951 [Worker-78] INFO  o.e.m.c.i.embedder.EclipseLogger - Using 'UTF-8' encoding to copy filtered resources.
2017-09-29 10:36:32,952 [Worker-78] INFO  o.e.m.c.i.embedder.EclipseLogger - Copying 2 resources
2017-09-29 10:36:32,952 [Worker-78] INFO  o.e.m.c.i.embedder.EclipseLogger - Using 'UTF-8' encoding to copy filtered resources.
2017-09-29 10:36:32,953 [Worker-78] INFO  o.e.m.c.i.embedder.EclipseLogger - Copying 0 resource
2017-09-29 10:36:33,068 [Worker-78] INFO  o.e.m.c.i.embedder.EclipseLogger - Using 'UTF-8' encoding to copy filtered resources.
2017-09-29 10:36:33,069 [Worker-78] INFO  o.e.m.c.i.embedder.EclipseLogger - Copying 0 resource
2017-09-29 10:36:33,069 [Worker-78] INFO  o.e.m.c.i.embedder.EclipseLogger - Using 'UTF-8' encoding to copy filtered resources.
2017-09-29 10:36:33,069 [Worker-78] INFO  o.e.m.c.i.embedder.EclipseLogger - Copying 0 resource
2017-09-29 10:36:54,172 [Worker-85] INFO  o.e.m.c.i.embedder.EclipseLogger - Using 'UTF-8' encoding to copy filtered resources.
2017-09-29 10:36:54,172 [Worker-85] INFO  o.e.m.c.i.embedder.EclipseLogger - Copying 2 resources
2017-09-29 10:36:54,176 [Worker-85] INFO  o.e.m.c.i.embedder.EclipseLogger - Using 'UTF-8' encoding to copy filtered resources.
2017-09-29 10:36:54,176 [Worker-85] INFO  o.e.m.c.i.embedder.EclipseLogger - Copying 0 resource
2017-09-29 10:36:54,313 [Worker-84] INFO  o.e.m.c.i.embedder.EclipseLogger - Using 'UTF-8' encoding to copy filtered resources.
2017-09-29 10:36:54,313 [Worker-84] INFO  o.e.m.c.i.embedder.EclipseLogger - Copying 0 resource
2017-09-29 10:36:54,313 [Worker-84] INFO  o.e.m.c.i.embedder.EclipseLogger - Using 'UTF-8' encoding to copy filtered resources.
2017-09-29 10:36:54,313 [Worker-84] INFO  o.e.m.c.i.embedder.EclipseLogger - Copying 0 resource
2017-09-29 10:37:01,165 [Worker-86] INFO  o.e.m.c.i.embedder.EclipseLogger - Using 'UTF-8' encoding to copy filtered resources.
2017-09-29 10:37:01,165 [Worker-86] INFO  o.e.m.c.i.embedder.EclipseLogger - Copying 2 resources
2017-09-29 10:37:01,165 [Worker-86] INFO  o.e.m.c.i.embedder.EclipseLogger - Using 'UTF-8' encoding to copy filtered resources.
2017-09-29 10:37:01,165 [Worker-86] INFO  o.e.m.c.i.embedder.EclipseLogger - Copying 0 resource
2017-09-29 10:37:01,421 [Worker-85] INFO  o.e.m.c.i.embedder.EclipseLogger - Using 'UTF-8' encoding to copy filtered resources.
2017-09-29 10:37:01,422 [Worker-85] INFO  o.e.m.c.i.embedder.EclipseLogger - Copying 0 resource
2017-09-29 10:37:01,422 [Worker-85] INFO  o.e.m.c.i.embedder.EclipseLogger - Using 'UTF-8' encoding to copy filtered resources.
2017-09-29 10:37:01,422 [Worker-85] INFO  o.e.m.c.i.embedder.EclipseLogger - Copying 0 resource
2017-09-29 10:38:05,944 [Worker-78] INFO  o.e.m.c.i.embedder.EclipseLogger - Using 'UTF-8' encoding to copy filtered resources.
2017-09-29 10:38:05,944 [Worker-78] INFO  o.e.m.c.i.embedder.EclipseLogger - Copying 2 resources
2017-09-29 10:38:05,944 [Worker-78] INFO  o.e.m.c.i.embedder.EclipseLogger - Using 'UTF-8' encoding to copy filtered resources.
2017-09-29 10:38:05,945 [Worker-78] INFO  o.e.m.c.i.embedder.EclipseLogger - Copying 0 resource
2017-09-29 10:38:05,956 [Worker-78] INFO  o.e.m.c.i.embedder.EclipseLogger - Using 'UTF-8' encoding to copy filtered resources.
2017-09-29 10:38:05,957 [Worker-78] INFO  o.e.m.c.i.embedder.EclipseLogger - Copying 0 resource
2017-09-29 10:38:05,957 [Worker-78] INFO  o.e.m.c.i.embedder.EclipseLogger - Using 'UTF-8' encoding to copy filtered resources.
2017-09-29 10:38:05,957 [Worker-78] INFO  o.e.m.c.i.embedder.EclipseLogger - Copying 0 resource
2017-09-29 10:38:22,138 [Worker-80] INFO  o.e.m.c.i.embedder.EclipseLogger - Using 'UTF-8' encoding to copy filtered resources.
2017-09-29 10:38:22,138 [Worker-80] INFO  o.e.m.c.i.embedder.EclipseLogger - Copying 2 resources
2017-09-29 10:38:22,141 [Worker-80] INFO  o.e.m.c.i.embedder.EclipseLogger - Using 'UTF-8' encoding to copy filtered resources.
2017-09-29 10:38:22,141 [Worker-80] INFO  o.e.m.c.i.embedder.EclipseLogger - Copying 0 resource
2017-09-29 10:39:24,522 [Worker-84] INFO  o.e.m.c.i.embedder.EclipseLogger - Using 'UTF-8' encoding to copy filtered resources.
2017-09-29 10:39:24,522 [Worker-84] INFO  o.e.m.c.i.embedder.EclipseLogger - Copying 2 resources
2017-09-29 10:39:24,522 [Worker-84] INFO  o.e.m.c.i.embedder.EclipseLogger - Using 'UTF-8' encoding to copy filtered resources.
2017-09-29 10:39:24,522 [Worker-84] INFO  o.e.m.c.i.embedder.EclipseLogger - Copying 0 resource
2017-09-29 10:39:24,704 [Worker-80] INFO  o.e.m.c.i.embedder.EclipseLogger - Using 'UTF-8' encoding to copy filtered resources.
2017-09-29 10:39:24,705 [Worker-80] INFO  o.e.m.c.i.embedder.EclipseLogger - Copying 0 resource
2017-09-29 10:39:24,705 [Worker-80] INFO  o.e.m.c.i.embedder.EclipseLogger - Using 'UTF-8' encoding to copy filtered resources.
2017-09-29 10:39:24,705 [Worker-80] INFO  o.e.m.c.i.embedder.EclipseLogger - Copying 0 resource
2017-09-29 10:39:31,905 [Worker-84] INFO  o.e.m.c.i.embedder.EclipseLogger - Using 'UTF-8' encoding to copy filtered resources.
2017-09-29 10:39:31,906 [Worker-84] INFO  o.e.m.c.i.embedder.EclipseLogger - Copying 0 resource
2017-09-29 10:39:31,909 [Worker-84] INFO  o.e.m.c.i.embedder.EclipseLogger - Using 'UTF-8' encoding to copy filtered resources.
2017-09-29 10:39:31,909 [Worker-84] INFO  o.e.m.c.i.embedder.EclipseLogger - Copying 0 resource
2017-09-29 10:39:55,269 [Worker-87] INFO  o.e.m.c.i.embedder.EclipseLogger - Using 'UTF-8' encoding to copy filtered resources.
2017-09-29 10:39:55,269 [Worker-87] INFO  o.e.m.c.i.embedder.EclipseLogger - Copying 2 resources
2017-09-29 10:39:55,269 [Worker-87] INFO  o.e.m.c.i.embedder.EclipseLogger - Using 'UTF-8' encoding to copy filtered resources.
2017-09-29 10:39:55,269 [Worker-87] INFO  o.e.m.c.i.embedder.EclipseLogger - Copying 0 resource
2017-09-29 10:40:01,705 [Worker-86] INFO  o.e.m.c.i.embedder.EclipseLogger - Using 'UTF-8' encoding to copy filtered resources.
2017-09-29 10:40:01,706 [Worker-86] INFO  o.e.m.c.i.embedder.EclipseLogger - Copying 2 resources
2017-09-29 10:40:01,706 [Worker-86] INFO  o.e.m.c.i.embedder.EclipseLogger - Using 'UTF-8' encoding to copy filtered resources.
2017-09-29 10:40:01,706 [Worker-86] INFO  o.e.m.c.i.embedder.EclipseLogger - Copying 0 resource
2017-09-29 10:41:33,175 [Worker-88] INFO  o.e.m.c.i.embedder.EclipseLogger - Using 'UTF-8' encoding to copy filtered resources.
2017-09-29 10:41:33,175 [Worker-88] INFO  o.e.m.c.i.embedder.EclipseLogger - Copying 2 resources
2017-09-29 10:41:33,176 [Worker-88] INFO  o.e.m.c.i.embedder.EclipseLogger - Using 'UTF-8' encoding to copy filtered resources.
2017-09-29 10:41:33,176 [Worker-88] INFO  o.e.m.c.i.embedder.EclipseLogger - Copying 0 resource
2017-09-29 10:42:04,383 [Worker-84] INFO  o.e.m.c.i.embedder.EclipseLogger - Using 'UTF-8' encoding to copy filtered resources.
2017-09-29 10:42:04,383 [Worker-84] INFO  o.e.m.c.i.embedder.EclipseLogger - Copying 2 resources
2017-09-29 10:42:04,384 [Worker-84] INFO  o.e.m.c.i.embedder.EclipseLogger - Using 'UTF-8' encoding to copy filtered resources.
2017-09-29 10:42:04,384 [Worker-84] INFO  o.e.m.c.i.embedder.EclipseLogger - Copying 0 resource
2017-09-29 11:28:22,850 [Worker-118] INFO  o.e.m.c.i.embedder.EclipseLogger - Using 'UTF-8' encoding to copy filtered resources.
2017-09-29 11:28:22,887 [Worker-118] INFO  o.e.m.c.i.embedder.EclipseLogger - Copying 0 resource
2017-09-29 11:28:22,888 [Worker-118] INFO  o.e.m.c.i.embedder.EclipseLogger - Using 'UTF-8' encoding to copy filtered resources.
2017-09-29 11:28:22,888 [Worker-118] INFO  o.e.m.c.i.embedder.EclipseLogger - Copying 0 resource
2017-09-29 11:28:43,935 [Worker-119] INFO  o.e.m.c.i.embedder.EclipseLogger - Using 'UTF-8' encoding to copy filtered resources.
2017-09-29 11:28:43,935 [Worker-119] INFO  o.e.m.c.i.embedder.EclipseLogger - Copying 0 resource
2017-09-29 11:28:43,935 [Worker-119] INFO  o.e.m.c.i.embedder.EclipseLogger - Using 'UTF-8' encoding to copy filtered resources.
2017-09-29 11:28:43,935 [Worker-119] INFO  o.e.m.c.i.embedder.EclipseLogger - Copying 0 resource
2017-09-29 11:30:08,878 [Worker-119] INFO  o.e.m.c.i.embedder.EclipseLogger - Using 'UTF-8' encoding to copy filtered resources.
2017-09-29 11:30:08,879 [Worker-119] INFO  o.e.m.c.i.embedder.EclipseLogger - Copying 0 resource
2017-09-29 11:30:08,885 [Worker-119] INFO  o.e.m.c.i.embedder.EclipseLogger - Using 'UTF-8' encoding to copy filtered resources.
2017-09-29 11:30:08,885 [Worker-119] INFO  o.e.m.c.i.embedder.EclipseLogger - Copying 0 resource
2017-09-29 11:31:39,768 [Worker-112] INFO  o.e.m.c.i.embedder.EclipseLogger - Using 'UTF-8' encoding to copy filtered resources.
2017-09-29 11:31:39,786 [Worker-112] INFO  o.e.m.c.i.embedder.EclipseLogger - Copying 2 resources
2017-09-29 11:31:39,787 [Worker-112] INFO  o.e.m.c.i.embedder.EclipseLogger - Using 'UTF-8' encoding to copy filtered resources.
2017-09-29 11:31:39,788 [Worker-112] INFO  o.e.m.c.i.embedder.EclipseLogger - Copying 0 resource
2017-09-29 11:31:54,877 [Worker-118] INFO  o.e.m.c.i.embedder.EclipseLogger - Using 'UTF-8' encoding to copy filtered resources.
2017-09-29 11:31:54,877 [Worker-118] INFO  o.e.m.c.i.embedder.EclipseLogger - Copying 2 resources
2017-09-29 11:31:54,877 [Worker-118] INFO  o.e.m.c.i.embedder.EclipseLogger - Using 'UTF-8' encoding to copy filtered resources.
2017-09-29 11:31:54,877 [Worker-118] INFO  o.e.m.c.i.embedder.EclipseLogger - Copying 0 resource
2017-09-29 11:32:16,821 [Worker-112] INFO  o.e.m.c.i.embedder.EclipseLogger - Using 'UTF-8' encoding to copy filtered resources.
2017-09-29 11:32:16,821 [Worker-112] INFO  o.e.m.c.i.embedder.EclipseLogger - Copying 2 resources
2017-09-29 11:32:16,822 [Worker-112] INFO  o.e.m.c.i.embedder.EclipseLogger - Using 'UTF-8' encoding to copy filtered resources.
2017-09-29 11:32:16,822 [Worker-112] INFO  o.e.m.c.i.embedder.EclipseLogger - Copying 0 resource
2017-09-29 11:33:47,558 [Worker-119] INFO  o.e.m.c.i.embedder.EclipseLogger - Using 'UTF-8' encoding to copy filtered resources.
2017-09-29 11:33:47,559 [Worker-119] INFO  o.e.m.c.i.embedder.EclipseLogger - Copying 2 resources
2017-09-29 11:33:47,559 [Worker-119] INFO  o.e.m.c.i.embedder.EclipseLogger - Using 'UTF-8' encoding to copy filtered resources.
2017-09-29 11:33:47,559 [Worker-119] INFO  o.e.m.c.i.embedder.EclipseLogger - Copying 0 resource
2017-09-29 11:36:45,685 [Worker-121] INFO  o.e.m.c.i.embedder.EclipseLogger - Using 'UTF-8' encoding to copy filtered resources.
2017-09-29 11:36:45,685 [Worker-121] INFO  o.e.m.c.i.embedder.EclipseLogger - Copying 2 resources
2017-09-29 11:36:45,686 [Worker-121] INFO  o.e.m.c.i.embedder.EclipseLogger - Using 'UTF-8' encoding to copy filtered resources.
2017-09-29 11:36:45,686 [Worker-121] INFO  o.e.m.c.i.embedder.EclipseLogger - Copying 0 resource
2017-09-29 11:37:08,167 [Worker-119] INFO  o.e.m.c.i.embedder.EclipseLogger - Using 'UTF-8' encoding to copy filtered resources.
2017-09-29 11:37:08,167 [Worker-119] INFO  o.e.m.c.i.embedder.EclipseLogger - Copying 2 resources
2017-09-29 11:37:08,167 [Worker-119] INFO  o.e.m.c.i.embedder.EclipseLogger - Using 'UTF-8' encoding to copy filtered resources.
2017-09-29 11:37:08,167 [Worker-119] INFO  o.e.m.c.i.embedder.EclipseLogger - Copying 0 resource
2017-09-29 11:37:30,715 [Worker-118] INFO  o.e.m.c.i.embedder.EclipseLogger - Using 'UTF-8' encoding to copy filtered resources.
2017-09-29 11:37:30,715 [Worker-118] INFO  o.e.m.c.i.embedder.EclipseLogger - Copying 2 resources
2017-09-29 11:37:30,715 [Worker-118] INFO  o.e.m.c.i.embedder.EclipseLogger - Using 'UTF-8' encoding to copy filtered resources.
2017-09-29 11:37:30,715 [Worker-118] INFO  o.e.m.c.i.embedder.EclipseLogger - Copying 0 resource
2017-09-29 11:38:01,269 [Worker-112] INFO  o.e.m.c.i.embedder.EclipseLogger - Using 'UTF-8' encoding to copy filtered resources.
2017-09-29 11:38:01,269 [Worker-112] INFO  o.e.m.c.i.embedder.EclipseLogger - Copying 2 resources
2017-09-29 11:38:01,270 [Worker-112] INFO  o.e.m.c.i.embedder.EclipseLogger - Using 'UTF-8' encoding to copy filtered resources.
2017-09-29 11:38:01,270 [Worker-112] INFO  o.e.m.c.i.embedder.EclipseLogger - Copying 0 resource
2017-09-29 11:38:25,930 [Worker-115] INFO  o.e.m.c.i.embedder.EclipseLogger - Using 'UTF-8' encoding to copy filtered resources.
2017-09-29 11:38:25,930 [Worker-115] INFO  o.e.m.c.i.embedder.EclipseLogger - Copying 0 resource
2017-09-29 11:38:25,931 [Worker-115] INFO  o.e.m.c.i.embedder.EclipseLogger - Using 'UTF-8' encoding to copy filtered resources.
2017-09-29 11:38:25,931 [Worker-115] INFO  o.e.m.c.i.embedder.EclipseLogger - Copying 0 resource
2017-09-29 11:39:06,009 [Worker-118] INFO  o.e.m.c.i.embedder.EclipseLogger - Using 'UTF-8' encoding to copy filtered resources.
2017-09-29 11:39:06,009 [Worker-118] INFO  o.e.m.c.i.embedder.EclipseLogger - Copying 0 resource
2017-09-29 11:39:06,010 [Worker-118] INFO  o.e.m.c.i.embedder.EclipseLogger - Using 'UTF-8' encoding to copy filtered resources.
2017-09-29 11:39:06,010 [Worker-118] INFO  o.e.m.c.i.embedder.EclipseLogger - Copying 0 resource
2017-09-29 11:39:12,566 [Worker-121] INFO  o.e.m.c.i.embedder.EclipseLogger - Using 'UTF-8' encoding to copy filtered resources.
2017-09-29 11:39:12,566 [Worker-121] INFO  o.e.m.c.i.embedder.EclipseLogger - Copying 0 resource
2017-09-29 11:39:12,567 [Worker-121] INFO  o.e.m.c.i.embedder.EclipseLogger - Using 'UTF-8' encoding to copy filtered resources.
2017-09-29 11:39:12,567 [Worker-121] INFO  o.e.m.c.i.embedder.EclipseLogger - Copying 0 resource
2017-09-29 11:39:14,743 [Worker-122] INFO  o.e.m.c.i.embedder.EclipseLogger - Using 'UTF-8' encoding to copy filtered resources.
2017-09-29 11:39:14,744 [Worker-122] INFO  o.e.m.c.i.embedder.EclipseLogger - Copying 0 resource
2017-09-29 11:39:14,744 [Worker-122] INFO  o.e.m.c.i.embedder.EclipseLogger - Using 'UTF-8' encoding to copy filtered resources.
2017-09-29 11:39:14,744 [Worker-122] INFO  o.e.m.c.i.embedder.EclipseLogger - Copying 0 resource
2017-09-29 11:40:36,102 [Worker-119] INFO  o.e.m.c.i.embedder.EclipseLogger - Using 'UTF-8' encoding to copy filtered resources.
2017-09-29 11:40:36,102 [Worker-119] INFO  o.e.m.c.i.embedder.EclipseLogger - Copying 0 resource
2017-09-29 11:40:36,103 [Worker-119] INFO  o.e.m.c.i.embedder.EclipseLogger - Using 'UTF-8' encoding to copy filtered resources.
2017-09-29 11:40:36,103 [Worker-119] INFO  o.e.m.c.i.embedder.EclipseLogger - Copying 0 resource
2017-09-29 11:46:21,169 [Worker-124] INFO  o.e.m.c.i.l.LifecycleMappingFactory - Using org.maven.ide.eclipse.wtp.EjbLifecycleMapping lifecycle mapping for MavenProject: fr.cpe:tp_jee2-ejb:1.0-SNAPSHOT @ /home/ubuntu/Desktop/Workspace/tp_jee2/tp_jee2-ejb/pom.xml.
2017-09-29 11:47:09,534 [Worker-124] INFO  o.e.m.c.i.l.LifecycleMappingFactory - Using org.maven.ide.eclipse.wtp.EjbLifecycleMapping lifecycle mapping for MavenProject: fr.cpe:tp_jee2-ejb:1.0-SNAPSHOT @ /home/ubuntu/Desktop/Workspace/tp_jee2/tp_jee2-ejb/pom.xml.
2017-09-29 11:47:09,964 [Worker-124] INFO  o.e.m.c.i.l.LifecycleMappingFactory - Using org.maven.ide.eclipse.wtp.EarLifecycleMapping lifecycle mapping for MavenProject: fr.cpe:tp_jee2-ear:1.0-SNAPSHOT @ /home/ubuntu/Desktop/Workspace/tp_jee2/tp_jee2-ear/pom.xml.
2017-09-29 11:47:10,027 [Worker-124] INFO  o.e.m.c.i.l.LifecycleMappingFactory - Using org.maven.ide.eclipse.wtp.WarLifecycleMapping lifecycle mapping for MavenProject: fr.cpe:tp_jee2-web:1.0-SNAPSHOT @ /home/ubuntu/Desktop/Workspace/tp_jee2/tp_jee2-web/pom.xml.
2017-09-29 11:47:11,222 [Worker-124] INFO  o.e.m.c.i.embedder.EclipseLogger - Generating application.xml
2017-09-29 11:47:11,382 [Worker-124] INFO  o.e.m.c.i.embedder.EclipseLogger - Using 'UTF-8' encoding to copy filtered resources.
2017-09-29 11:47:11,382 [Worker-124] INFO  o.e.m.c.i.embedder.EclipseLogger - Copying 0 resource
2017-09-29 11:47:11,389 [Worker-124] INFO  o.e.m.c.i.embedder.EclipseLogger - Using 'UTF-8' encoding to copy filtered resources.
2017-09-29 11:47:11,389 [Worker-124] INFO  o.e.m.c.i.embedder.EclipseLogger - Copying 0 resource
2017-09-29 11:47:12,091 [Worker-120] INFO  o.e.m.c.i.embedder.EclipseLogger - Using 'UTF-8' encoding to copy filtered resources.
2017-09-29 11:47:12,091 [Worker-120] INFO  o.e.m.c.i.embedder.EclipseLogger - skip non existing resourceDirectory /home/ubuntu/Desktop/Workspace/tp_jee2/tp_jee2-ear/src/main/resources
2017-09-29 11:47:12,382 [Worker-120] INFO  o.e.m.c.i.embedder.EclipseLogger - Using 'UTF-8' encoding to copy filtered resources.
2017-09-29 11:47:12,382 [Worker-120] INFO  o.e.m.c.i.embedder.EclipseLogger - Copying 2 resources
2017-09-29 11:47:12,399 [Worker-120] INFO  o.e.m.c.i.embedder.EclipseLogger - Using 'UTF-8' encoding to copy filtered resources.
2017-09-29 11:47:12,407 [Worker-120] INFO  o.e.m.c.i.embedder.EclipseLogger - Copying 3 resources
2017-09-29 11:47:12,687 [Worker-120] INFO  o.e.m.c.i.embedder.EclipseLogger - Using 'UTF-8' encoding to copy filtered resources.
2017-09-29 11:47:12,687 [Worker-120] INFO  o.e.m.c.i.embedder.EclipseLogger - Copying 0 resource
2017-09-29 11:47:12,687 [Worker-120] INFO  o.e.m.c.i.embedder.EclipseLogger - Using 'UTF-8' encoding to copy filtered resources.
2017-09-29 11:47:12,687 [Worker-120] INFO  o.e.m.c.i.embedder.EclipseLogger - Copying 0 resource
2017-09-29 11:47:49,795 [Worker-112] INFO  o.e.m.c.i.embedder.EclipseLogger - Using 'UTF-8' encoding to copy filtered resources.
2017-09-29 11:47:49,795 [Worker-112] INFO  o.e.m.c.i.embedder.EclipseLogger - Copying 2 resources
2017-09-29 11:47:49,795 [Worker-112] INFO  o.e.m.c.i.embedder.EclipseLogger - Using 'UTF-8' encoding to copy filtered resources.
2017-09-29 11:47:49,795 [Worker-112] INFO  o.e.m.c.i.embedder.EclipseLogger - Copying 0 resource
2017-09-29 11:48:29,199 [Worker-124] INFO  o.e.m.c.i.embedder.EclipseLogger - Using 'UTF-8' encoding to copy filtered resources.
2017-09-29 11:48:29,199 [Worker-124] INFO  o.e.m.c.i.embedder.EclipseLogger - Copying 2 resources
2017-09-29 11:48:29,199 [Worker-124] INFO  o.e.m.c.i.embedder.EclipseLogger - Using 'UTF-8' encoding to copy filtered resources.
2017-09-29 11:48:29,199 [Worker-124] INFO  o.e.m.c.i.embedder.EclipseLogger - Copying 0 resource
2017-09-29 11:48:41,342 [Worker-124] INFO  o.e.m.c.i.embedder.EclipseLogger - Using 'UTF-8' encoding to copy filtered resources.
2017-09-29 11:48:41,342 [Worker-124] INFO  o.e.m.c.i.embedder.EclipseLogger - Copying 2 resources
2017-09-29 11:48:41,343 [Worker-124] INFO  o.e.m.c.i.embedder.EclipseLogger - Using 'UTF-8' encoding to copy filtered resources.
2017-09-29 11:48:41,343 [Worker-124] INFO  o.e.m.c.i.embedder.EclipseLogger - Copying 0 resource
2017-09-29 11:49:00,053 [Worker-129] INFO  o.e.m.c.i.embedder.EclipseLogger - Using 'UTF-8' encoding to copy filtered resources.
2017-09-29 11:49:00,053 [Worker-129] INFO  o.e.m.c.i.embedder.EclipseLogger - Copying 2 resources
2017-09-29 11:49:00,054 [Worker-129] INFO  o.e.m.c.i.embedder.EclipseLogger - Using 'UTF-8' encoding to copy filtered resources.
2017-09-29 11:49:00,054 [Worker-129] INFO  o.e.m.c.i.embedder.EclipseLogger - Copying 0 resource
2017-09-29 11:49:46,081 [Worker-128] INFO  o.e.m.c.i.embedder.EclipseLogger - Using 'UTF-8' encoding to copy filtered resources.
2017-09-29 11:49:46,081 [Worker-128] INFO  o.e.m.c.i.embedder.EclipseLogger - Copying 2 resources
2017-09-29 11:49:46,082 [Worker-128] INFO  o.e.m.c.i.embedder.EclipseLogger - Using 'UTF-8' encoding to copy filtered resources.
2017-09-29 11:49:46,082 [Worker-128] INFO  o.e.m.c.i.embedder.EclipseLogger - Copying 0 resource
2017-09-29 11:55:34,462 [Worker-130] INFO  o.e.m.c.i.embedder.EclipseLogger - Using 'UTF-8' encoding to copy filtered resources.
2017-09-29 11:55:34,462 [Worker-130] INFO  o.e.m.c.i.embedder.EclipseLogger - Copying 2 resources
2017-09-29 11:55:34,463 [Worker-130] INFO  o.e.m.c.i.embedder.EclipseLogger - Using 'UTF-8' encoding to copy filtered resources.
2017-09-29 11:55:34,463 [Worker-130] INFO  o.e.m.c.i.embedder.EclipseLogger - Copying 0 resource
2017-09-29 11:59:01,793 [Worker-123] INFO  o.e.m.c.i.embedder.EclipseLogger - Using 'UTF-8' encoding to copy filtered resources.
2017-09-29 11:59:01,794 [Worker-123] INFO  o.e.m.c.i.embedder.EclipseLogger - Copying 2 resources
2017-09-29 11:59:01,794 [Worker-123] INFO  o.e.m.c.i.embedder.EclipseLogger - Using 'UTF-8' encoding to copy filtered resources.
2017-09-29 11:59:01,794 [Worker-123] INFO  o.e.m.c.i.embedder.EclipseLogger - Copying 0 resource
2017-09-29 11:59:36,197 [Worker-125] INFO  o.e.m.c.i.embedder.EclipseLogger - Using 'UTF-8' encoding to copy filtered resources.
2017-09-29 11:59:36,197 [Worker-125] INFO  o.e.m.c.i.embedder.EclipseLogger - Copying 2 resources
2017-09-29 11:59:36,198 [Worker-125] INFO  o.e.m.c.i.embedder.EclipseLogger - Using 'UTF-8' encoding to copy filtered resources.
2017-09-29 11:59:36,198 [Worker-125] INFO  o.e.m.c.i.embedder.EclipseLogger - Copying 0 resource
2017-09-29 12:10:33,041 [Worker-135] INFO  o.e.m.c.i.embedder.EclipseLogger - Using 'UTF-8' encoding to copy filtered resources.
2017-09-29 12:10:33,042 [Worker-135] INFO  o.e.m.c.i.embedder.EclipseLogger - Copying 0 resource
2017-09-29 12:10:33,042 [Worker-135] INFO  o.e.m.c.i.embedder.EclipseLogger - Using 'UTF-8' encoding to copy filtered resources.
2017-09-29 12:10:33,042 [Worker-135] INFO  o.e.m.c.i.embedder.EclipseLogger - Copying 0 resource
2017-09-29 12:10:37,709 [Worker-135] INFO  o.e.m.c.i.embedder.EclipseLogger - Using 'UTF-8' encoding to copy filtered resources.
2017-09-29 12:10:37,710 [Worker-135] INFO  o.e.m.c.i.embedder.EclipseLogger - Copying 0 resource
2017-09-29 12:10:37,710 [Worker-135] INFO  o.e.m.c.i.embedder.EclipseLogger - Using 'UTF-8' encoding to copy filtered resources.
2017-09-29 12:10:37,710 [Worker-135] INFO  o.e.m.c.i.embedder.EclipseLogger - Copying 0 resource
2017-09-29 12:15:18,564 [Worker-136] INFO  o.e.m.c.i.embedder.EclipseLogger - Using 'UTF-8' encoding to copy filtered resources.
2017-09-29 12:15:18,564 [Worker-136] INFO  o.e.m.c.i.embedder.EclipseLogger - Copying 2 resources
2017-09-29 12:15:18,565 [Worker-136] INFO  o.e.m.c.i.embedder.EclipseLogger - Using 'UTF-8' encoding to copy filtered resources.
2017-09-29 12:15:18,567 [Worker-136] INFO  o.e.m.c.i.embedder.EclipseLogger - Copying 0 resource
2017-09-29 12:16:26,909 [Worker-114] INFO  o.e.m.c.i.embedder.EclipseLogger - Using 'UTF-8' encoding to copy filtered resources.
2017-09-29 12:16:26,909 [Worker-114] INFO  o.e.m.c.i.embedder.EclipseLogger - Copying 2 resources
2017-09-29 12:16:26,910 [Worker-114] INFO  o.e.m.c.i.embedder.EclipseLogger - Using 'UTF-8' encoding to copy filtered resources.
2017-09-29 12:16:26,910 [Worker-114] INFO  o.e.m.c.i.embedder.EclipseLogger - Copying 0 resource
2017-09-29 12:16:32,547 [Worker-140] INFO  o.e.m.c.i.embedder.EclipseLogger - Using 'UTF-8' encoding to copy filtered resources.
2017-09-29 12:16:32,552 [Worker-140] INFO  o.e.m.c.i.embedder.EclipseLogger - Copying 2 resources
2017-09-29 12:16:32,553 [Worker-140] INFO  o.e.m.c.i.embedder.EclipseLogger - Using 'UTF-8' encoding to copy filtered resources.
2017-09-29 12:16:32,553 [Worker-140] INFO  o.e.m.c.i.embedder.EclipseLogger - Copying 0 resource
2017-09-29 12:16:32,720 [Worker-136] INFO  o.e.m.c.i.embedder.EclipseLogger - Using 'UTF-8' encoding to copy filtered resources.
2017-09-29 12:16:32,720 [Worker-136] INFO  o.e.m.c.i.embedder.EclipseLogger - Copying 0 resource
2017-09-29 12:16:32,721 [Worker-136] INFO  o.e.m.c.i.embedder.EclipseLogger - Using 'UTF-8' encoding to copy filtered resources.
2017-09-29 12:16:32,721 [Worker-136] INFO  o.e.m.c.i.embedder.EclipseLogger - Copying 0 resource
